SF:src/sqlfluff/__init__.py
DA:3,1
DA:4,1
DA:6,1
DA:9,1
DA:11,1
DA:20,1
DA:33,1
LF:7
LH:7
end_of_record
SF:src/sqlfluff/__main__.py
DA:3,1
DA:5,1
DA:6,1
LF:3
LH:3
end_of_record
SF:src/sqlfluff/api/__init__.py
DA:4,1
DA:5,1
DA:7,1
LF:3
LH:3
end_of_record
SF:src/sqlfluff/api/info.py
DA:3,1
DA:5,1
DA:6,1
DA:7,1
DA:10,1
DA:12,1
DA:13,1
DA:16,1
DA:18,1
LF:9
LH:9
FN:10,13,list_rules
FNDA:1,list_rules
FN:16,18,list_dialects
FNDA:1,list_dialects
FNF:2
FNH:2
end_of_record
SF:src/sqlfluff/api/simple.py
DA:3,1
DA:5,1
DA:12,1
DA:15,1
DA:23,1
DA:24,1
DA:26,1
DA:27,1
DA:30,1
DA:31,1
DA:33,1
DA:34,1
DA:35,1
DA:36,1
DA:37,1
DA:40,1
DA:41,1
DA:50,1
DA:53,1
DA:54,1
DA:55,1
DA:56,1
DA:57,1
DA:58,1
DA:61,1
DA:88,1
DA:94,1
DA:96,1
DA:97,1
DA:99,1
DA:102,1
DA:132,1
DA:138,1
DA:140,1
DA:141,1
DA:142,1
DA:143,1
DA:144,1
DA:147,1
DA:148,1
DA:149,1
DA:150,1
DA:151,1
DA:152,1
DA:155,1
DA:181,1
DA:185,1
DA:187,1
DA:189,1
DA:190,1
DA:191,1
DA:194,1
DA:195,1
DA:196,1
DA:197,1
DA:198,1
DA:199,1
LF:57
LH:57
FN:15,47,get_simple_config
FNDA:1,get_simple_config
FN:53,58,APIParsingError.__init__
FNDA:1,APIParsingError.__init__
FN:61,99,lint
FNDA:1,lint
FN:102,152,fix
FNDA:1,fix
FN:155,199,parse
FNDA:1,parse
FNF:5
FNH:5
end_of_record
SF:src/sqlfluff/cli/__init__.py
DA:3,1
DA:4,1
DA:5,1
LF:3
LH:3
end_of_record
SF:src/sqlfluff/cli/autocomplete.py
DA:3,1
DA:5,1
DA:10,1
DA:11,1
DA:12,1
DA:23,1
DA:29,1
DA:30,1
LF:8
LH:8
FN:23,32,dialect_shell_complete
FNDA:1,dialect_shell_complete
FNF:1
FNH:1
end_of_record
SF:src/sqlfluff/cli/commands.py
DA:3,1
DA:4,1
DA:5,1
DA:6,1
DA:7,1
DA:8,1
DA:9,1
DA:10,1
DA:12,1
DA:15,1
DA:16,1
DA:17,1
DA:19,1
DA:20,1
DA:21,1
DA:25,1
DA:26,1
DA:29,1
DA:38,1
DA:39,1
DA:40,1
DA:41,1
DA:44,1
DA:52,1
DA:54,1
DA:55,1
DA:56,1
DA:57,1
DA:62,1
DA:80,1
DA:82,1
DA:85,1
DA:89,1
DA:92,1
DA:96,1
DA:97,1
DA:98,1
DA:99,1
DA:101,1
DA:103,1
DA:104,1
DA:105,1
DA:107,1
DA:113,1
DA:114,1
DA:115,1
DA:116,1
DA:117,1
DA:118,1
DA:119,1
DA:120,1
DA:121,1
DA:122,1
DA:123,1
DA:124,1
DA:125,1
DA:128,1
DA:131,1
DA:132,1
DA:134,1
DA:135,1
DA:137,1
DA:138,1
DA:139,1
DA:147,1
DA:150,1
DA:155,1
DA:156,1
DA:167,1
DA:175,1
DA:178,1
DA:186,1
DA:187,1
DA:201,1
DA:218,1
DA:230,1
DA:244,1
DA:256,1
DA:266,1
DA:274,1
DA:287,1
DA:292,1
DA:300,1
DA:306,1
DA:311,1
DA:321,1
DA:332,1
DA:335,1
DA:340,1
DA:351,1
DA:356,1
DA:366,1
DA:372,1
DA:375,1
DA:381,1
DA:382,1
DA:383,1
DA:386,1
DA:387,1
DA:388,1
DA:395,1
DA:396,1
DA:397,1
DA:404,1
DA:406,1
DA:408,1
DA:411,1
DA:414,1
DA:415,1
DA:417,1
DA:418,1
DA:420,1
DA:421,1
DA:422,1
DA:439,1
DA:445,1
DA:448,1
DA:449,1
DA:450,1
DA:454,1
DA:461,1
DA:464,1
DA:478,1
DA:479,1
DA:483,1
DA:484,1
DA:485,1
DA:487,1
DA:488,1
DA:490,1
DA:492,1
DA:495,1
DA:498,1
DA:499,1
DA:500,1
DA:502,1
DA:503,1
DA:504,1
DA:505,1
DA:520,1
DA:521,1
DA:522,1
DA:524,1
DA:525,1
DA:526,1
DA:529,1
DA:532,1
DA:533,1
DA:534,1
DA:537,1
DA:540,1
DA:541,1
DA:542,1
DA:543,1
DA:544,1
DA:552,1
DA:560,1
DA:571,1
DA:579,1
DA:584,1
DA:585,1
DA:620,1
DA:623,1
DA:624,1
DA:625,1
DA:626,1
DA:628,1
DA:629,1
DA:631,1
DA:634,1
DA:642,1
DA:643,1
DA:645,1
DA:647,1
DA:648,1
DA:649,1
DA:650,1
DA:652,1
DA:663,1
DA:664,1
DA:666,1
DA:667,1
DA:668,1
DA:669,1
DA:674,1
DA:675,1
DA:676,1
DA:677,1
DA:678,1
DA:680,1
DA:681,1
DA:682,1
DA:683,1
DA:688,1
DA:714,1
DA:715,1
DA:716,1
DA:717,1
DA:719,1
DA:720,1
DA:721,1
DA:724,1
DA:725,1
DA:727,1
DA:736,1
DA:738,1
DA:739,1
DA:740,1
DA:741,1
DA:742,1
DA:743,1
DA:744,1
DA:745,1
DA:746,1
DA:747,1
DA:748,1
DA:749,1
DA:751,1
DA:754,1
DA:755,1
DA:757,1
DA:759,1
DA:760,1
DA:762,1
DA:763,1
DA:765,1
DA:766,1
DA:767,1
DA:768,1
DA:769,1
DA:770,1
DA:771,1
DA:772,1
DA:776,1
DA:777,1
DA:778,1
DA:779,1
DA:780,1
DA:781,1
DA:783,1
DA:786,1
DA:792,1
DA:793,1
DA:794,1
DA:797,1
DA:798,1
DA:799,1
DA:800,1
DA:811,1
DA:829,1
DA:831,1
DA:832,1
DA:833,1
DA:834,1
DA:837,1
DA:840,1
DA:844,1
DA:845,1
DA:847,1
DA:848,1
DA:849,1
DA:851,1
DA:853,1
DA:854,1
DA:856,1
DA:858,1
DA:859,1
DA:866,1
DA:874,1
DA:875,1
DA:880,1
DA:881,1
DA:884,1
DA:898,1
DA:899,1
DA:900,1
DA:902,1
DA:903,1
DA:918,1
DA:922,1
DA:923,1
DA:930,1
DA:931,1
DA:932,1
DA:934,1
DA:936,1
DA:937,1
DA:940,1
DA:941,1
DA:942,1
DA:943,1
DA:944,1
DA:945,1
DA:950,1
DA:953,1
DA:954,1
DA:955,1
DA:956,1
DA:962,1
DA:963,1
DA:964,1
DA:966,1
DA:967,1
DA:968,1
DA:969,1
DA:971,1
DA:972,1
DA:973,1
DA:974,1
DA:975,1
DA:976,1
DA:977,1
DA:981,1
DA:982,1
DA:983,1
DA:985,1
DA:988,1
DA:991,1
DA:992,1
DA:994,1
DA:995,1
DA:997,1
DA:1000,1
DA:1001,1
DA:1002,1
DA:1003,1
DA:1004,1
DA:1015,1
DA:1024,1
DA:1034,1
DA:1040,1
DA:1053,1
DA:1058,1
DA:1059,1
DA:1084,1
DA:1085,1
DA:1086,1
DA:1087,1
DA:1090,1
DA:1091,1
DA:1093,1
DA:1096,1
DA:1097,1
DA:1100,1
DA:1104,1
DA:1105,1
DA:1107,1
DA:1110,1
DA:1117,1
DA:1118,1
DA:1127,1
DA:1129,1
DA:1130,1
DA:1131,1
DA:1132,1
DA:1134,1
DA:1148,1
DA:1149,1
DA:1150,1
DA:1151,1
DA:1152,1
DA:1158,1
DA:1159,1
DA:1184,1
DA:1186,1
DA:1187,1
DA:1190,1
DA:1193,1
DA:1208,1
DA:1211,1
DA:1214,1
DA:1216,1
DA:1217,1
DA:1219,1
DA:1222,1
DA:1229,1
DA:1231,1
DA:1232,1
DA:1233,1
DA:1234,1
DA:1236,1
DA:1249,1
DA:1251,1
DA:1252,1
DA:1254,1
DA:1257,1
DA:1258,1
DA:1259,1
DA:1260,1
DA:1261,1
DA:1267,1
DA:1276,1
DA:1291,1
DA:1299,1
DA:1307,1
DA:1315,1
DA:1337,1
DA:1342,1
DA:1343,1
DA:1344,1
DA:1345,1
DA:1347,1
DA:1349,1
DA:1352,1
DA:1359,1
DA:1362,1
DA:1363,1
DA:1364,1
DA:1365,1
DA:1366,1
DA:1367,1
DA:1377,1
DA:1384,1
DA:1385,1
DA:1388,1
DA:1389,1
DA:1393,1
DA:1394,1
DA:1397,1
DA:1399,1
DA:1400,1
DA:1401,1
DA:1402,1
DA:1407,1
DA:1408,1
DA:1412,1
DA:1415,1
DA:1416,1
DA:1421,1
DA:1422,1
DA:1423,1
DA:1424,1
DA:1427,1
DA:1429,1
DA:1432,1
DA:1435,1
DA:1436,1
DA:1437,1
DA:1438,1
DA:1439,1
DA:1453,1
DA:1458,1
DA:1459,1
DA:1460,1
DA:1462,1
DA:1464,1
DA:1467,1
DA:1475,1
DA:1476,1
DA:1477,1
DA:1478,1
DA:1479,1
DA:1481,1
DA:1482,1
DA:1485,1
DA:1486,1
DA:1488,1
DA:1489,1
DA:1490,1
DA:1491,1
DA:1493,1
DA:1494,1
DA:1495,1
DA:1501,1
DA:1502,1
DA:1508,1
DA:1511,1
DA:1512,1
DA:1518,1
LF:469
LH:469
FN:52,59,StreamHandlerTqdm.emit
FNDA:1,StreamHandlerTqdm.emit
FN:62,125,set_logging_level
FNDA:1,set_logging_level
FN:96,99,set_logging_level.red_log_filter
FNDA:1,set_logging_level.red_log_filter
FN:131,132,PathAndUserErrorHandler.__init__
FNDA:1,PathAndUserErrorHandler.__init__
FN:134,135,PathAndUserErrorHandler.__enter__
FNDA:1,PathAndUserErrorHandler.__enter__
FN:137,147,PathAndUserErrorHandler.__exit__
FNDA:1,PathAndUserErrorHandler.__exit__
FN:150,175,common_options
FNDA:1,common_options
FN:178,332,core_options
FNDA:1,core_options
FN:335,372,lint_options
FNDA:1,lint_options
FN:375,436,get_config
FNDA:1,get_config
FN:439,461,get_linter_and_formatter
FNDA:1,get_linter_and_formatter
FN:479,480,cli
FNDA:0,cli
FN:485,495,version
FNDA:1,version
FN:500,517,rules
FNDA:1,rules
FN:522,526,dialects
FNDA:1,dialects
FN:529,537,dump_file_payload
FNDA:1,dump_file_payload
FN:585,783,lint
FNDA:1,lint
FN:786,808,do_fixes
FNDA:1,do_fixes
FN:811,837,_handle_unparsable
FNDA:1,_handle_unparsable
FN:840,881,_stdin_fix
FNDA:1,_stdin_fix
FN:884,997,_paths_fix
FNDA:1,_paths_fix
FN:1059,1145,fix
FNDA:1,fix
FN:1159,1246,cli_format
FNDA:1,cli_format
FN:1249,1254,quoted_presenter
FNDA:1,quoted_presenter
FN:1315,1432,parse
FNDA:1,parse
FN:1439,1512,render
FNDA:1,render
FNF:26
FNH:25
end_of_record
SF:src/sqlfluff/cli/formatters.py
DA:3,1
DA:4,1
DA:5,1
DA:7,1
DA:8,1
DA:10,1
DA:11,1
DA:18,1
DA:19,1
DA:20,1
DA:21,1
DA:24,1
DA:39,1
DA:40,1
DA:43,1
DA:45,1
DA:46,1
DA:47,1
DA:48,1
DA:50,1
DA:54,1
DA:56,1
DA:57,1
DA:58,1
DA:61,1
DA:63,1
DA:64,1
DA:65,1
DA:68,1
DA:87,1
DA:96,1
DA:97,1
DA:98,1
DA:99,1
DA:100,1
DA:101,1
DA:103,1
DA:104,1
DA:106,1
DA:108,1
DA:114,1
DA:115,1
DA:117,1
DA:119,1
DA:121,1
DA:122,1
DA:123,1
DA:129,1
DA:130,1
DA:131,1
DA:132,1
DA:135,1
DA:136,1
DA:137,1
DA:143,1
DA:144,1
DA:145,1
DA:146,1
DA:148,1
DA:150,1
DA:152,1
DA:155,1
DA:156,1
DA:158,1
DA:160,1
DA:162,1
DA:164,1
DA:165,1
DA:167,1
DA:171,1
DA:172,1
DA:174,1
DA:176,1
DA:185,1
DA:187,1
DA:188,1
DA:190,1
DA:192,1
DA:193,1
DA:199,1
DA:205,1
DA:207,1
DA:213,1
DA:217,1
DA:221,1
DA:225,1
DA:229,1
DA:230,1
DA:233,1
DA:234,1
DA:235,1
DA:238,1
DA:240,1
DA:241,1
DA:242,1
DA:247,1
DA:248,1
DA:250,1
DA:251,1
DA:252,1
DA:254,1
DA:262,1
DA:263,1
DA:264,1
DA:276,1
DA:278,1
DA:280,1
DA:282,1
DA:283,1
DA:287,1
DA:288,1
DA:290,1
DA:292,1
DA:304,1
DA:305,1
DA:306,1
DA:316,1
DA:317,1
DA:319,1
DA:320,1
DA:321,1
DA:323,1
DA:324,1
DA:325,1
DA:326,1
DA:335,1
DA:336,1
DA:338,1
DA:339,1
DA:346,1
DA:347,1
DA:348,1
DA:349,1
DA:350,1
DA:352,1
DA:369,1
DA:370,1
DA:371,1
DA:372,1
DA:373,1
DA:375,1
DA:376,1
DA:379,1
DA:380,1
DA:381,1
DA:382,1
DA:383,1
DA:384,1
DA:395,1
DA:396,1
DA:397,1
DA:399,1
DA:406,1
DA:407,1
DA:409,1
DA:411,1
DA:412,1
DA:413,1
DA:414,1
DA:416,1
DA:418,1
DA:429,1
DA:430,1
DA:431,1
DA:432,1
DA:436,1
DA:437,1
DA:438,1
DA:439,1
DA:440,1
DA:441,1
DA:442,1
DA:443,1
DA:445,1
DA:449,1
DA:450,1
DA:452,1
DA:454,1
DA:457,1
DA:458,1
DA:460,1
DA:462,1
DA:463,1
DA:464,1
DA:465,1
DA:466,1
DA:467,1
DA:472,1
DA:480,1
DA:481,1
DA:483,1
DA:485,1
DA:486,1
DA:487,1
DA:488,1
DA:489,1
DA:498,1
DA:500,1
DA:501,1
DA:503,1
DA:515,1
DA:516,1
DA:518,1
DA:520,1
DA:521,1
DA:522,1
DA:523,1
DA:529,1
DA:531,1
DA:536,1
DA:537,1
DA:538,1
DA:540,1
DA:542,1
DA:543,1
DA:544,1
DA:545,1
DA:546,1
DA:547,1
DA:548,1
DA:550,1
DA:552,1
DA:553,1
DA:554,1
DA:569,1
DA:571,1
DA:573,1
DA:574,1
DA:575,1
DA:582,1
DA:591,1
DA:593,1
DA:595,1
DA:603,1
DA:615,1
DA:616,1
DA:623,1
DA:624,1
DA:625,1
DA:635,1
DA:645,1
DA:646,1
DA:648,1
DA:649,1
DA:651,1
DA:652,1
DA:653,1
DA:658,1
DA:660,1
DA:661,1
DA:664,1
DA:670,1
DA:671,1
DA:677,1
DA:678,1
DA:684,1
DA:685,1
DA:686,1
DA:688,1
DA:690,1
DA:691,1
DA:695,1
DA:696,1
DA:697,1
DA:699,1
DA:700,1
DA:701,1
DA:702,1
DA:703,1
DA:704,1
DA:705,1
DA:707,1
DA:709,1
DA:711,1
LF:274
LH:274
FN:24,58,split_string_on_spaces
FNDA:1,split_string_on_spaces
FN:61,65,format_linting_result_header
FNDA:1,format_linting_result_header
FN:87,101,OutputStreamFormatter.__init__
FNDA:1,OutputStreamFormatter.__init__
FN:104,106,OutputStreamFormatter.should_produce_plain_output
FNDA:1,OutputStreamFormatter.should_produce_plain_output
FN:108,115,OutputStreamFormatter._dispatch
FNDA:1,OutputStreamFormatter._dispatch
FN:117,146,OutputStreamFormatter._format_config
FNDA:1,OutputStreamFormatter._format_config
FN:148,150,OutputStreamFormatter.dispatch_config
FNDA:1,OutputStreamFormatter.dispatch_config
FN:152,156,OutputStreamFormatter.dispatch_persist_filename
FNDA:1,OutputStreamFormatter.dispatch_persist_filename
FN:158,160,OutputStreamFormatter._format_path
FNDA:1,OutputStreamFormatter._format_path
FN:162,165,OutputStreamFormatter.dispatch_path
FNDA:1,OutputStreamFormatter.dispatch_path
FN:167,183,OutputStreamFormatter.dispatch_template_header
FNDA:1,OutputStreamFormatter.dispatch_template_header
FN:185,188,OutputStreamFormatter.dispatch_parse_header
FNDA:1,OutputStreamFormatter.dispatch_parse_header
FN:190,197,OutputStreamFormatter.dispatch_lint_header
FNDA:1,OutputStreamFormatter.dispatch_lint_header
FN:199,203,OutputStreamFormatter.dispatch_compilation_header
FNDA:0,OutputStreamFormatter.dispatch_compilation_header
FN:205,211,OutputStreamFormatter.dispatch_processing_header
FNDA:1,OutputStreamFormatter.dispatch_processing_header
FN:213,215,OutputStreamFormatter.dispatch_dialect_warning
FNDA:0,OutputStreamFormatter.dispatch_dialect_warning
FN:217,252,OutputStreamFormatter._format_file_violations
FNDA:1,OutputStreamFormatter._format_file_violations
FN:254,276,OutputStreamFormatter.dispatch_file_violations
FNDA:1,OutputStreamFormatter.dispatch_file_violations
FN:278,280,OutputStreamFormatter.colorize
FNDA:1,OutputStreamFormatter.colorize
FN:283,290,OutputStreamFormatter.colorize_helper
FNDA:1,OutputStreamFormatter.colorize_helper
FN:292,350,OutputStreamFormatter.cli_table_row
FNDA:1,OutputStreamFormatter.cli_table_row
FN:352,397,OutputStreamFormatter.cli_table
FNDA:1,OutputStreamFormatter.cli_table
FN:399,416,OutputStreamFormatter.format_filename
FNDA:1,OutputStreamFormatter.format_filename
FN:418,481,OutputStreamFormatter.format_violation
FNDA:1,OutputStreamFormatter.format_violation
FN:483,516,OutputStreamFormatter.format_linting_stats
FNDA:1,OutputStreamFormatter.format_linting_stats
FN:518,529,OutputStreamFormatter.format_config_vals
FNDA:1,OutputStreamFormatter.format_config_vals
FN:531,548,OutputStreamFormatter._format_rule_description
FNDA:1,OutputStreamFormatter._format_rule_description
FN:550,569,OutputStreamFormatter.format_rules
FNDA:1,OutputStreamFormatter.format_rules
FN:571,591,OutputStreamFormatter.format_dialects
FNDA:1,OutputStreamFormatter.format_dialects
FN:593,601,OutputStreamFormatter.format_dialect_warning
FNDA:1,OutputStreamFormatter.format_dialect_warning
FN:603,633,OutputStreamFormatter.print_out_residual_error_counts
FNDA:1,OutputStreamFormatter.print_out_residual_error_counts
FN:635,707,OutputStreamFormatter.print_out_violations_and_timing
FNDA:1,OutputStreamFormatter.print_out_violations_and_timing
FN:709,711,OutputStreamFormatter.completion_message
FNDA:1,OutputStreamFormatter.completion_message
FNF:33
FNH:31
end_of_record
SF:src/sqlfluff/cli/helpers.py
DA:3,1
DA:4,1
DA:5,1
DA:6,1
DA:7,1
DA:9,1
DA:12,1
DA:17,1
DA:22,1
DA:25,1
DA:27,1
DA:30,1
DA:32,1
DA:35,1
DA:44,1
DA:45,1
DA:46,1
DA:48,1
DA:49,1
DA:51,1
DA:52,1
DA:53,1
DA:54,1
DA:56,1
DA:66,1
DA:68,1
DA:69,1
DA:70,1
DA:71,1
DA:72,1
DA:73,1
DA:74,1
DA:79,1
DA:87,1
DA:88,1
DA:90,1
DA:91,1
DA:92,1
DA:94,1
DA:95,1
DA:97,1
DA:98,1
LF:42
LH:42
FN:12,14,get_python_version
FNDA:0,get_python_version
FN:17,22,get_python_implementation
FNDA:1,get_python_implementation
FN:25,27,get_package_version
FNDA:1,get_package_version
FN:30,32,wrap_elem
FNDA:1,wrap_elem
FN:35,63,wrap_field
FNDA:1,wrap_field
FN:66,76,pad_line
FNDA:1,pad_line
FN:87,88,LazySequence.__init__
FNDA:1,LazySequence.__init__
FN:91,92,LazySequence._sequence
FNDA:1,LazySequence._sequence
FN:94,95,LazySequence.__getitem__
FNDA:1,LazySequence.__getitem__
FN:97,98,LazySequence.__len__
FNDA:1,LazySequence.__len__
FNF:10
FNH:9
end_of_record
SF:src/sqlfluff/cli/outputstream.py
DA:3,1
DA:4,1
DA:5,1
DA:7,1
DA:8,1
DA:10,1
DA:11,1
DA:14,1
DA:17,1
DA:18,1
DA:20,1
DA:24,1
DA:26,1
DA:29,1
DA:37,1
DA:38,1
DA:40,1
DA:42,1
DA:43,1
DA:46,1
DA:49,1
DA:50,1
DA:51,1
DA:53,1
DA:55,1
DA:57,1
DA:59,1
DA:62,1
DA:68,1
DA:69,1
DA:71,1
DA:74,1
DA:77,1
LF:33
LH:33
FN:17,18,OutputStream.__init__
FNDA:1,OutputStream.__init__
FN:20,22,OutputStream.write
FNDA:0,OutputStream.write
FN:24,26,OutputStream.close
FNDA:1,OutputStream.close
FN:37,38,TqdmOutput.__init__
FNDA:1,TqdmOutput.__init__
FN:40,43,TqdmOutput.write
FNDA:1,TqdmOutput.write
FN:49,51,FileOutput.__init__
FNDA:1,FileOutput.__init__
FN:53,55,FileOutput.write
FNDA:1,FileOutput.write
FN:57,59,FileOutput.close
FNDA:1,FileOutput.close
FN:62,77,make_output_stream
FNDA:1,make_output_stream
FNF:9
FNH:8
end_of_record
SF:src/sqlfluff/core/__init__.py
DA:3,1
DA:6,1
DA:9,1
DA:12,1
DA:22,1
DA:23,1
DA:26,1
DA:28,1
DA:54,1
LF:9
LH:9
end_of_record
SF:src/sqlfluff/core/config/__init__.py
DA:6,1
DA:8,1
DA:12,1
DA:13,1
DA:22,1
DA:35,1
DA:48,1
DA:49,1
DA:50,1
DA:51,1
DA:54,1
DA:65,1
DA:67,1
DA:68,1
DA:69,1
DA:71,1
DA:72,1
DA:79,1
DA:82,1
LF:19
LH:19
FN:35,51,clear_config_caches
FNDA:1,clear_config_caches
FN:68,69,ProgressBarConfiguration.disable_progress_bar
FNDA:1,ProgressBarConfiguration.disable_progress_bar
FN:72,79,ProgressBarConfiguration.disable_progress_bar
FNDA:1,ProgressBarConfiguration.disable_progress_bar
FNF:3
FNH:3
end_of_record
SF:src/sqlfluff/core/config/file.py
DA:14,1
DA:15,1
DA:16,1
DA:18,1
DA:19,1
DA:20,1
DA:21,1
DA:24,1
DA:40,1
DA:45,1
DA:48,1
DA:50,1
DA:51,1
DA:52,1
DA:54,1
DA:55,1
DA:58,1
DA:61,1
DA:63,1
DA:66,1
DA:74,1
DA:75,1
DA:77,1
DA:78,1
DA:80,1
DA:81,1
DA:84,1
DA:85,1
DA:87,1
DA:88,1
DA:91,1
DA:94,1
DA:95,1
DA:103,1
DA:106,1
DA:108,1
DA:111,1
DA:114,1
DA:115,1
DA:126,1
DA:129,1
DA:133,1
DA:136,1
LF:43
LH:43
FN:48,55,_load_raw_file_as_dict
FNDA:1,_load_raw_file_as_dict
FN:58,63,_resolve_path
FNDA:1,_resolve_path
FN:66,91,_resolve_paths_in_config
FNDA:1,_resolve_paths_in_config
FN:95,111,load_config_file_as_dict
FNDA:1,load_config_file_as_dict
FN:115,136,load_config_string_as_dict
FNDA:1,load_config_string_as_dict
FNF:5
FNH:5
end_of_record
SF:src/sqlfluff/core/config/fluffconfig.py
DA:3,1
DA:5,1
DA:6,1
DA:7,1
DA:8,1
DA:20,1
DA:22,1
DA:23,1
DA:27,1
DA:28,1
DA:29,1
DA:35,1
DA:39,1
DA:40,1
DA:46,1
DA:49,1
DA:99,1
DA:101,1
DA:113,1
DA:116,1
DA:120,1
DA:121,1
DA:122,1
DA:124,1
DA:125,1
DA:126,1
DA:129,1
DA:131,1
DA:133,1
DA:134,1
DA:135,1
DA:139,1
DA:143,1
DA:145,1
DA:146,1
DA:147,1
DA:149,1
DA:151,1
DA:152,1
DA:158,1
DA:159,1
DA:160,1
DA:161,1
DA:163,1
DA:165,1
DA:169,1
DA:171,1
DA:172,1
DA:173,1
DA:174,1
DA:176,1
DA:184,1
DA:188,1
DA:190,1
DA:197,1
DA:201,1
DA:203,1
DA:212,1
DA:213,1
DA:214,1
DA:215,1
DA:227,1
DA:237,1
DA:238,1
DA:239,1
DA:244,1
DA:247,1
DA:249,1
DA:250,1
DA:278,1
DA:283,1
DA:291,1
DA:292,1
DA:312,1
DA:317,1
DA:318,1
DA:342,1
DA:343,1
DA:344,1
DA:345,1
DA:350,1
DA:351,1
DA:387,1
DA:392,1
DA:400,1
DA:401,1
DA:428,1
DA:429,1
DA:430,1
DA:431,1
DA:433,1
DA:434,1
DA:436,1
DA:438,1
DA:440,1
DA:450,1
DA:457,1
DA:458,1
DA:462,1
DA:463,1
DA:466,1
DA:467,1
DA:474,1
DA:479,1
DA:481,1
DA:483,1
DA:495,1
DA:503,1
DA:521,1
DA:523,1
DA:553,1
DA:554,1
DA:555,1
DA:557,1
DA:559,1
DA:573,1
DA:574,1
DA:577,1
DA:578,1
DA:579,1
DA:580,1
DA:581,1
DA:582,1
DA:584,1
DA:604,1
DA:606,1
DA:611,1
DA:612,1
DA:613,1
DA:615,1
DA:617,1
DA:618,1
DA:619,1
DA:620,1
DA:622,1
DA:638,1
DA:641,1
DA:643,1
DA:644,1
DA:645,1
DA:650,1
DA:653,1
DA:654,1
DA:655,1
DA:657,1
DA:659,1
DA:660,1
DA:662,1
DA:682,1
DA:683,1
DA:690,1
DA:691,1
DA:693,1
DA:694,1
DA:696,1
DA:698,1
DA:699,1
DA:700,1
DA:703,1
DA:705,1
DA:706,1
DA:707,1
DA:708,1
DA:710,1
DA:729,1
DA:731,1
DA:733,1
DA:735,1
LF:168
LH:168
FN:101,149,FluffConfig.__init__
FNDA:1,FluffConfig.__init__
FN:151,163,FluffConfig._handle_comma_separated_values
FNDA:1,FluffConfig._handle_comma_separated_values
FN:165,174,FluffConfig._initialise_dialect
FNDA:1,FluffConfig._initialise_dialect
FN:176,195,FluffConfig.verify_dialect_specified
FNDA:1,FluffConfig.verify_dialect_specified
FN:197,215,FluffConfig.__getstate__
FNDA:1,FluffConfig.__getstate__
FN:217,222,FluffConfig.__setstate__
FNDA:0,FluffConfig.__setstate__
FN:227,247,FluffConfig.copy
FNDA:1,FluffConfig.copy
FN:250,289,FluffConfig.from_root
FNDA:1,FluffConfig.from_root
FN:292,315,FluffConfig.from_string
FNDA:1,FluffConfig.from_string
FN:318,348,FluffConfig.from_strings
FNDA:1,FluffConfig.from_strings
FN:351,398,FluffConfig.from_path
FNDA:1,FluffConfig.from_path
FN:401,438,FluffConfig.from_kwargs
FNDA:1,FluffConfig.from_kwargs
FN:440,477,FluffConfig.get_templater_class
FNDA:1,FluffConfig.get_templater_class
FN:479,481,FluffConfig.get_templater
FNDA:1,FluffConfig.get_templater
FN:483,501,FluffConfig.make_child_from_path
FNDA:1,FluffConfig.make_child_from_path
FN:503,521,FluffConfig.diff_to
FNDA:1,FluffConfig.diff_to
FN:523,557,FluffConfig.get
FNDA:1,FluffConfig.get
FN:559,582,FluffConfig.get_section
FNDA:1,FluffConfig.get_section
FN:584,620,FluffConfig.set_value
FNDA:1,FluffConfig.set_value
FN:622,660,FluffConfig.iter_vals
FNDA:1,FluffConfig.iter_vals
FN:662,708,FluffConfig.process_inline_config
FNDA:1,FluffConfig.process_inline_config
FN:710,735,FluffConfig.process_raw_file_for_config
FNDA:1,FluffConfig.process_raw_file_for_config
FNF:22
FNH:21
end_of_record
SF:src/sqlfluff/core/config/ini.py
DA:6,1
DA:7,1
DA:9,1
DA:10,1
DA:13,1
DA:18,1
DA:19,1
DA:20,1
DA:21,1
DA:22,1
DA:23,1
DA:24,1
DA:25,1
DA:26,1
DA:27,1
DA:28,1
DA:29,1
DA:30,1
DA:32,1
DA:33,1
DA:36,1
DA:52,1
DA:53,1
DA:56,1
DA:60,1
DA:63,1
DA:66,1
DA:67,1
DA:68,1
DA:69,1
DA:70,1
DA:72,1
DA:78,1
DA:81,1
DA:84,1
DA:87,1
LF:36
LH:36
FN:13,33,coerce_value
FNDA:1,coerce_value
FN:36,87,load_ini_string
FNDA:1,load_ini_string
FNF:2
FNH:2
end_of_record
SF:src/sqlfluff/core/config/loader.py
DA:9,1
DA:11,1
DA:12,1
DA:17,1
DA:18,1
DA:19,1
DA:20,1
DA:21,1
DA:22,1
DA:26,1
DA:27,1
DA:28,1
DA:30,1
DA:35,1
DA:36,1
DA:37,1
DA:38,1
DA:41,1
DA:43,1
DA:51,1
DA:62,1
DA:73,1
DA:74,1
DA:77,1
DA:78,1
DA:79,1
DA:84,1
DA:85,1
DA:88,1
DA:89,1
DA:93,1
DA:98,1
DA:99,1
DA:105,0
DA:108,1
DA:129,1
DA:130,1
DA:134,1
DA:137,1
DA:164,1
DA:166,1
DA:173,1
DA:194,1
DA:195,1
DA:201,1
DA:204,1
DA:205,1
DA:226,1
DA:234,1
DA:236,1
DA:237,1
DA:239,1
DA:241,1
DA:244,1
DA:245,1
DA:246,1
DA:248,1
DA:251,1
DA:253,1
DA:254,1
DA:255,1
DA:257,1
DA:260,1
DA:288,1
DA:289,1
DA:290,1
DA:292,1
DA:295,1
DA:296,1
DA:297,1
DA:302,1
DA:310,1
DA:311,1
DA:315,1
DA:316,1
DA:321,1
DA:322,1
DA:323,1
DA:324,1
DA:327,1
DA:328,1
DA:332,1
DA:341,1
LF:83
LH:82
FN:62,105,_get_user_config_dir_path
FNDA:1,_get_user_config_dir_path
FN:108,134,load_config_file
FNDA:1,load_config_file
FN:137,170,load_config_resource
FNDA:1,load_config_resource
FN:173,201,load_config_string
FNDA:1,load_config_string
FN:205,248,load_config_at_path
FNDA:1,load_config_at_path
FN:251,257,_load_user_appdir_config
FNDA:1,_load_user_appdir_config
FN:260,338,load_config_up_to_path
FNDA:1,load_config_up_to_path
FN:349,354,ConfigLoader.__init__
FNDA:0,ConfigLoader.__init__
FN:357,364,ConfigLoader.get_global
FNDA:0,ConfigLoader.get_global
FN:366,380,ConfigLoader.load_config_resource
FNDA:0,ConfigLoader.load_config_resource
FNF:10
FNH:7
end_of_record
SF:src/sqlfluff/core/config/removed.py
DA:3,1
DA:4,1
DA:5,1
DA:7,1
DA:8,1
DA:14,1
DA:20,1
DA:23,1
DA:24,1
DA:25,1
DA:26,1
DA:27,1
DA:28,1
DA:32,1
DA:33,1
DA:35,1
DA:37,1
DA:38,1
DA:40,1
DA:43,1
DA:46,1
DA:49,1
DA:167,1
DA:172,1
DA:188,1
DA:192,1
DA:194,1
DA:195,1
DA:196,1
DA:199,1
DA:200,1
DA:201,1
DA:204,1
DA:212,1
DA:213,1
DA:214,1
DA:217,1
DA:220,1
DA:221,1
DA:231,1
DA:234,1
DA:236,1
DA:247,1
DA:248,1
DA:249,1
DA:250,1
DA:253,1
DA:254,1
DA:257,1
DA:261,1
DA:273,1
DA:274,1
LF:52
LH:52
FN:33,35,_RemovedConfig.formatted_old_key
FNDA:1,_RemovedConfig.formatted_old_key
FN:38,43,_RemovedConfig.formatted_new_key
FNDA:1,_RemovedConfig.formatted_new_key
FN:172,274,validate_config_dict_for_removed
FNDA:1,validate_config_dict_for_removed
FNF:3
FNH:3
end_of_record
SF:src/sqlfluff/core/config/toml.py
DA:3,1
DA:4,1
DA:11,1
DA:16,1
DA:18,1
DA:21,1
DA:23,1
DA:24,1
DA:25,1
DA:26,1
DA:29,1
DA:34,1
DA:35,1
DA:36,1
DA:37,1
DA:38,1
DA:41,1
DA:42,1
DA:43,1
DA:48,1
DA:51,1
DA:57,1
DA:58,1
DA:59,1
DA:65,1
DA:67,1
DA:69,1
DA:70,1
DA:75,1
DA:80,1
LF:30
LH:30
FN:21,26,_condense_rule_record
FNDA:1,_condense_rule_record
FN:29,48,_validate_structure
FNDA:1,_validate_structure
FN:51,80,load_toml_file_config
FNDA:1,load_toml_file_config
FNF:3
FNH:3
end_of_record
SF:src/sqlfluff/core/config/validate.py
DA:3,1
DA:4,1
DA:5,1
DA:7,1
DA:18,1
DA:30,1
DA:31,1
DA:32,1
DA:34,1
DA:35,1
DA:40,1
DA:41,1
DA:48,1
DA:49,1
DA:50,1
DA:51,1
DA:57,1
DA:58,1
DA:59,1
DA:65,1
DA:66,1
DA:67,1
DA:74,1
DA:75,1
DA:76,1
DA:77,1
DA:86,1
DA:99,1
DA:101,1
LF:29
LH:29
FN:18,83,_validate_layout_config
FNDA:1,_validate_layout_config
FN:86,101,validate_config_dict
FNDA:1,validate_config_dict
FNF:2
FNH:2
end_of_record
SF:src/sqlfluff/core/dialects/__init__.py
DA:14,1
DA:15,1
DA:19,1
DA:20,1
DA:22,1
DA:51,1
DA:64,1
DA:66,1
DA:67,1
DA:68,1
DA:69,1
DA:70,1
DA:71,1
DA:72,1
DA:73,1
DA:74,1
DA:77,1
DA:80,1
DA:81,1
DA:82,1
DA:83,1
DA:86,1
DA:88,1
DA:89,1
DA:90,1
DA:98,1
DA:100,1
DA:103,1
DA:106,1
LF:29
LH:29
FN:64,74,load_raw_dialect
FNDA:1,load_raw_dialect
FN:86,95,dialect_readout
FNDA:1,dialect_readout
FN:98,103,dialect_selector
FNDA:1,dialect_selector
FNF:3
FNH:3
end_of_record
SF:src/sqlfluff/core/dialects/base.py
DA:3,1
DA:4,1
DA:6,1
DA:12,1
DA:13,1
DA:14,1
DA:15,1
DA:18,1
DA:28,1
DA:39,1
DA:40,1
DA:41,1
DA:42,1
DA:43,1
DA:44,1
DA:45,1
DA:47,1
DA:48,1
DA:53,1
DA:72,1
DA:74,1
DA:75,1
DA:76,1
DA:80,1
DA:82,1
DA:87,1
DA:88,1
DA:89,1
DA:90,1
DA:91,1
DA:92,1
DA:93,1
DA:95,1
DA:103,1
DA:108,1
DA:109,1
DA:110,1
DA:112,1
DA:114,1
DA:119,1
DA:120,1
DA:121,1
DA:123,1
DA:127,1
DA:131,1
DA:149,1
DA:150,1
DA:151,1
DA:153,1
DA:155,1
DA:167,1
DA:179,1
DA:182,1
DA:184,1
DA:189,1
DA:192,1
DA:194,1
DA:195,1
DA:198,1
DA:207,1
DA:208,1
DA:215,1
DA:218,1
DA:219,1
DA:220,1
DA:221,1
DA:222,1
DA:223,1
DA:224,1
DA:229,1
DA:230,1
DA:231,1
DA:234,1
DA:240,1
DA:242,1
DA:244,1
DA:245,1
DA:246,1
DA:247,1
DA:249,1
DA:250,1
DA:252,1
DA:260,1
DA:265,1
DA:267,1
DA:275,1
DA:277,1
DA:278,1
DA:285,1
DA:295,1
DA:296,1
DA:297,1
DA:298,1
DA:299,1
DA:337,1
DA:345,1
DA:347,1
DA:349,1
DA:350,1
DA:354,1
DA:359,1
DA:364,1
DA:366,1
DA:367,1
DA:368,1
DA:370,1
DA:372,1
DA:374,1
DA:380,1
DA:381,1
DA:385,1
DA:386,1
DA:387,1
DA:388,1
DA:389,1
DA:390,1
DA:392,1
DA:399,1
DA:401,1
DA:403,1
LF:120
LH:120
FN:28,48,Dialect.__init__
FNDA:1,Dialect.__init__
FN:50,51,Dialect.__repr__
FNDA:0,Dialect.__repr__
FN:53,93,Dialect.expand
FNDA:1,Dialect.expand
FN:95,110,Dialect.sets
FNDA:1,Dialect.sets
FN:112,121,Dialect.bracket_sets
FNDA:1,Dialect.bracket_sets
FN:123,129,Dialect.update_keywords_set_from_multiline_string
FNDA:1,Dialect.update_keywords_set_from_multiline_string
FN:131,165,Dialect.copy_as
FNDA:1,Dialect.copy_as
FN:167,182,Dialect.add
FNDA:1,Dialect.add
FN:184,240,Dialect.replace
FNDA:1,Dialect.replace
FN:242,250,Dialect.add_update_segments
FNDA:1,Dialect.add_update_segments
FN:252,265,Dialect.get_grammar
FNDA:1,Dialect.get_grammar
FN:267,283,Dialect.get_segment
FNDA:1,Dialect.get_segment
FN:285,335,Dialect.ref
FNDA:1,Dialect.ref
FN:337,345,Dialect.set_lexer_matchers
FNDA:1,Dialect.set_lexer_matchers
FN:347,352,Dialect.get_lexer_matchers
FNDA:1,Dialect.get_lexer_matchers
FN:354,372,Dialect.patch_lexer_matchers
FNDA:1,Dialect.patch_lexer_matchers
FN:374,399,Dialect.insert_lexer_matchers
FNDA:1,Dialect.insert_lexer_matchers
FN:401,403,Dialect.get_root_segment
FNDA:1,Dialect.get_root_segment
FNF:18
FNH:17
end_of_record
SF:src/sqlfluff/core/dialects/common.py
DA:3,1
DA:5,1
DA:8,1
DA:11,1
DA:12,1
DA:13,1
DA:14,1
DA:15,1
DA:16,1
DA:19,1
DA:22,1
DA:23,1
DA:24,1
LF:13
LH:13
end_of_record
SF:src/sqlfluff/core/errors.py
DA:14,1
DA:20,1
DA:21,1
DA:24,1
DA:26,1
DA:27,1
DA:28,1
DA:29,1
DA:30,1
DA:36,1
DA:39,1
DA:40,1
DA:41,1
DA:42,1
DA:44,1
DA:54,1
DA:55,1
DA:56,1
DA:57,1
DA:58,1
DA:59,1
DA:61,1
DA:62,1
DA:63,1
DA:65,1
DA:67,1
DA:68,1
DA:69,1
DA:71,1
DA:75,1
DA:85,1
DA:86,1
DA:88,1
DA:90,1
DA:92,1
DA:94,1
DA:96,1
DA:98,1
DA:100,1
DA:101,1
DA:105,1
DA:110,1
DA:119,1
DA:121,1
DA:127,1
DA:129,1
DA:131,1
DA:133,1
DA:134,1
DA:136,1
DA:149,1
DA:150,1
DA:153,1
DA:162,1
DA:163,1
DA:166,1
DA:169,1
DA:172,1
DA:181,1
DA:182,1
DA:185,1
DA:196,1
DA:197,1
DA:199,1
DA:210,1
DA:211,1
DA:221,1
DA:225,1
DA:235,1
DA:242,1
DA:243,1
DA:246,1
DA:249,1
DA:263,1
DA:265,1
DA:275,1
DA:276,1
DA:277,1
DA:278,1
DA:286,1
DA:290,1
DA:300,1
DA:307,1
DA:308,1
DA:315,1
DA:316,1
DA:317,1
DA:319,1
DA:324,1
DA:330,1
DA:332,1
DA:334,1
DA:335,1
DA:337,1
DA:338,1
DA:339,1
DA:341,1
DA:343,1
DA:345,1
DA:347,1
DA:349,1
DA:356,1
DA:359,1
DA:360,1
DA:361,1
DA:362,1
DA:363,1
DA:364,1
DA:368,1
DA:375,1
DA:377,1
DA:378,1
DA:386,1
DA:389,1
DA:390,1
DA:391,1
DA:394,1
LF:117
LH:117
FN:24,33,_extract_position
FNDA:1,_extract_position
FN:44,63,SQLBaseError.__init__
FNDA:1,SQLBaseError.__init__
FN:65,69,SQLBaseError.__eq__
FNDA:1,SQLBaseError.__eq__
FN:71,83,SQLBaseError.__reduce__
FNDA:1,SQLBaseError.__reduce__
FN:86,88,SQLBaseError.fixable
FNDA:1,SQLBaseError.fixable
FN:90,92,SQLBaseError.rule_code
FNDA:1,SQLBaseError.rule_code
FN:94,96,SQLBaseError.rule_name
FNDA:1,SQLBaseError.rule_name
FN:98,103,SQLBaseError.desc
FNDA:1,SQLBaseError.desc
FN:105,117,SQLBaseError.to_dict
FNDA:1,SQLBaseError.to_dict
FN:119,125,SQLBaseError.check_tuple
FNDA:1,SQLBaseError.check_tuple
FN:127,129,SQLBaseError.source_signature
FNDA:1,SQLBaseError.source_signature
FN:131,134,SQLBaseError.ignore_if_in
FNDA:1,SQLBaseError.ignore_if_in
FN:136,150,SQLBaseError.warning_if_in
FNDA:1,SQLBaseError.warning_if_in
FN:199,219,SQLParseError.__init__
FNDA:1,SQLParseError.__init__
FN:221,233,SQLParseError.__reduce__
FNDA:1,SQLParseError.__reduce__
FN:235,246,SQLParseError.to_dict
FNDA:1,SQLParseError.to_dict
FN:265,284,SQLLintError.__init__
FNDA:1,SQLLintError.__init__
FN:286,298,SQLLintError.__reduce__
FNDA:1,SQLLintError.__reduce__
FN:300,332,SQLLintError.to_dict
FNDA:1,SQLLintError.to_dict
FN:335,339,SQLLintError.fixable
FNDA:1,SQLLintError.fixable
FN:341,343,SQLLintError.rule_code
FNDA:1,SQLLintError.rule_code
FN:345,347,SQLLintError.rule_name
FNDA:1,SQLLintError.rule_name
FN:349,375,SQLLintError.source_signature
FNDA:1,SQLLintError.source_signature
FN:377,383,SQLLintError.__repr__
FNDA:1,SQLLintError.__repr__
FNF:24
FNH:24
end_of_record
SF:src/sqlfluff/core/formatter.py
DA:13,1
DA:16,1
LF:2
LH:2
FN:20,22,FormatterInterface.dispatch_persist_filename
FNDA:0,FormatterInterface.dispatch_persist_filename
FNF:1
FNH:0
end_of_record
SF:src/sqlfluff/core/helpers/__init__.py
end_of_record
SF:src/sqlfluff/core/helpers/dict.py
DA:3,1
DA:4,1
DA:17,1
DA:19,1
DA:27,1
DA:35,1
DA:63,1
DA:64,1
DA:65,1
DA:66,1
DA:67,1
DA:70,1
DA:85,1
DA:86,1
DA:89,1
DA:125,1
DA:126,1
DA:127,1
DA:128,1
DA:130,1
DA:131,1
DA:133,1
DA:134,1
DA:136,1
DA:137,1
DA:143,1
DA:144,1
DA:147,1
DA:148,1
DA:151,1
DA:161,1
DA:162,1
DA:163,1
DA:164,1
DA:166,1
DA:167,1
DA:169,1
DA:170,1
DA:171,1
DA:172,1
DA:173,1
DA:176,1
DA:188,1
DA:189,1
DA:190,1
DA:191,1
DA:193,1
DA:196,1
DA:230,1
DA:231,1
DA:233,1
DA:234,1
DA:235,1
DA:236,1
DA:239,1
DA:241,1
DA:244,1
DA:245,1
DA:250,1
DA:253,1
DA:285,1
DA:286,1
DA:288,1
DA:290,1
DA:291,1
DA:293,1
DA:294,1
DA:295,1
DA:296,1
DA:300,1
DA:301,1
DA:304,1
LF:72
LH:72
FN:35,86,nested_combine
FNDA:1,nested_combine
FN:89,148,dict_diff
FNDA:1,dict_diff
FN:151,173,records_to_nested_dict
FNDA:1,records_to_nested_dict
FN:176,193,iter_records_from_nested_dict
FNDA:1,iter_records_from_nested_dict
FN:196,250,nested_dict_get
FNDA:1,nested_dict_get
FN:253,304,nested_dict_set
FNDA:1,nested_dict_set
FNF:6
FNH:6
end_of_record
SF:src/sqlfluff/core/helpers/file.py
DA:3,1
DA:4,1
DA:5,1
DA:7,1
DA:10,1
DA:12,1
DA:13,1
DA:15,1
DA:16,1
DA:17,1
DA:20,1
DA:40,1
DA:41,1
DA:46,1
DA:47,1
DA:50,1
DA:51,1
DA:52,0
DA:57,0
DA:65,1
DA:66,0
DA:69,1
DA:70,1
DA:71,1
DA:72,1
DA:79,1
DA:81,1
LF:27
LH:24
FN:10,17,get_encoding
FNDA:1,get_encoding
FN:20,81,iter_intermediate_paths
FNDA:1,iter_intermediate_paths
FNF:2
FNH:2
end_of_record
SF:src/sqlfluff/core/helpers/slice.py
DA:3,1
DA:6,1
DA:8,1
DA:9,1
DA:12,1
DA:14,1
DA:15,1
DA:18,1
DA:20,1
DA:21,1
DA:24,1
DA:26,1
DA:29,1
DA:31,1
DA:34,1
DA:40,1
DA:41,1
DA:42,1
DA:43,1
DA:44,1
DA:45,1
DA:47,1
DA:48,1
DA:50,1
DA:51,1
DA:53,1
LF:26
LH:26
FN:6,9,to_tuple
FNDA:1,to_tuple
FN:12,15,slice_length
FNDA:1,slice_length
FN:18,21,is_zero_slice
FNDA:1,is_zero_slice
FN:24,26,zero_slice
FNDA:1,zero_slice
FN:29,31,offset_slice
FNDA:1,offset_slice
FN:34,53,slice_overlaps
FNDA:1,slice_overlaps
FNF:6
FNH:6
end_of_record
SF:src/sqlfluff/core/helpers/string.py
DA:3,1
DA:6,1
DA:8,1
DA:9,1
DA:11,1
DA:14,1
DA:20,1
DA:21,1
DA:22,1
DA:23,1
DA:24,1
DA:25,1
DA:28,1
DA:49,1
DA:50,1
DA:51,1
DA:52,1
DA:53,1
DA:54,1
DA:55,1
DA:56,1
DA:57,1
DA:58,1
DA:61,1
DA:62,1
DA:65,1
DA:67,1
DA:69,1
DA:70,1
DA:72,1
DA:73,1
DA:75,1
DA:77,1
DA:80,1
DA:82,1
DA:83,1
DA:84,1
DA:85,1
DA:88,1
DA:106,1
DA:107,1
DA:108,1
DA:109,1
DA:110,1
DA:118,1
LF:45
LH:45
FN:6,11,curtail_string
FNDA:1,curtail_string
FN:14,25,findall
FNDA:1,findall
FN:28,62,split_colon_separated_string
FNDA:1,split_colon_separated_string
FN:65,77,should_split_on_colon
FNDA:1,should_split_on_colon
FN:80,85,split_comma_separated_string
FNDA:1,split_comma_separated_string
FN:88,118,get_trailing_whitespace_from_string
FNDA:1,get_trailing_whitespace_from_string
FNF:6
FNH:6
end_of_record
SF:src/sqlfluff/core/linter/__init__.py
DA:3,1
DA:4,1
DA:5,1
DA:6,1
DA:7,1
DA:9,1
LF:6
LH:6
end_of_record
SF:src/sqlfluff/core/linter/common.py
DA:3,1
DA:5,1
DA:6,1
DA:12,1
DA:13,1
DA:16,1
DA:19,1
DA:20,1
DA:21,1
DA:22,1
DA:23,1
DA:26,1
DA:33,1
DA:34,1
DA:35,1
DA:36,1
DA:37,1
DA:38,1
DA:39,1
DA:42,1
DA:57,1
DA:58,1
DA:59,1
DA:60,1
DA:62,1
DA:64,1
DA:67,1
DA:86,1
DA:87,1
DA:88,1
DA:89,1
DA:90,1
DA:91,1
DA:93,1
DA:94,1
DA:99,1
DA:104,1
DA:106,1
DA:109,1
DA:110,1
DA:111,1
DA:115,1
DA:116,1
DA:118,1
DA:119,1
DA:126,1
DA:127,1
DA:128,1
DA:129,1
LF:49
LH:49
FN:62,64,ParsedVariant.violations
FNDA:1,ParsedVariant.violations
FN:94,102,ParsedString.violations
FNDA:1,ParsedString.violations
FN:104,116,ParsedString.root_variant
FNDA:1,ParsedString.root_variant
FN:119,129,ParsedString.tree
FNDA:1,ParsedString.tree
FNF:4
FNH:4
end_of_record
SF:src/sqlfluff/core/linter/discovery.py
DA:9,1
DA:10,1
DA:11,1
DA:12,1
DA:23,1
DA:25,1
DA:26,1
DA:29,1
DA:32,1
DA:34,1
DA:35,1
DA:36,1
DA:39,1
DA:47,1
DA:48,1
DA:49,1
DA:50,1
DA:53,1
DA:60,1
DA:61,1
DA:62,1
DA:63,1
DA:65,1
DA:66,1
DA:67,1
DA:70,1
DA:72,1
DA:73,1
DA:74,1
DA:75,1
DA:78,1
DA:86,1
DA:88,1
DA:89,1
DA:90,1
DA:92,1
DA:99,1
DA:100,1
DA:101,1
DA:102,1
DA:105,1
DA:106,1
DA:109,1
DA:116,1
DA:121,1
DA:122,1
DA:123,1
DA:124,1
DA:126,1
DA:129,1
DA:137,1
DA:138,1
DA:141,1
DA:155,1
DA:156,1
DA:161,1
DA:162,1
DA:164,1
DA:166,1
DA:168,1
DA:169,1
DA:176,1
DA:179,1
DA:193,1
DA:194,1
DA:196,1
DA:200,1
DA:201,1
DA:205,1
DA:209,1
DA:210,1
DA:211,1
DA:212,1
DA:213,1
DA:217,1
DA:221,1
DA:222,1
DA:225,1
DA:226,1
DA:229,1
DA:230,1
DA:231,1
DA:234,1
DA:235,1
DA:237,1
DA:238,1
DA:239,1
DA:240,1
DA:243,1
DA:246,1
DA:268,1
DA:269,1
DA:270,1
DA:272,1
DA:276,1
DA:281,1
DA:285,1
DA:286,1
DA:290,1
DA:291,1
DA:292,1
DA:295,1
DA:296,1
DA:302,1
LF:104
LH:104
FN:39,50,_check_ignore_specs
FNDA:1,_check_ignore_specs
FN:53,67,_load_specs_from_lines
FNDA:1,_load_specs_from_lines
FN:70,75,_load_ignorefile
FNDA:1,_load_ignorefile
FN:78,106,_load_configfile
FNDA:1,_load_configfile
FN:116,126,_iter_config_files
FNDA:1,_iter_config_files
FN:129,138,_match_file_extension
FNDA:1,_match_file_extension
FN:141,176,_process_exact_path
FNDA:1,_process_exact_path
FN:179,243,_iter_files_in_path
FNDA:1,_iter_files_in_path
FN:246,304,paths_from_path
FNDA:1,paths_from_path
FNF:9
FNH:9
end_of_record
SF:src/sqlfluff/core/linter/fix.py
DA:3,1
DA:4,1
DA:5,1
DA:6,1
DA:14,1
DA:18,1
DA:24,1
DA:27,1
DA:28,1
DA:31,1
DA:32,1
DA:33,1
DA:34,1
DA:35,1
DA:36,1
DA:38,1
DA:40,1
DA:46,1
DA:48,1
DA:50,1
DA:51,1
DA:54,1
DA:56,1
DA:57,1
DA:61,1
DA:66,1
DA:69,1
DA:71,1
DA:73,1
DA:74,1
DA:75,1
DA:76,1
DA:78,1
DA:79,1
DA:81,1
DA:83,1
DA:84,1
DA:91,1
DA:95,1
DA:96,1
DA:100,1
DA:105,1
DA:107,1
DA:108,1
DA:111,1
DA:112,1
DA:113,1
DA:116,1
DA:155,1
DA:156,1
DA:158,1
DA:159,1
DA:160,1
DA:161,1
DA:162,1
DA:164,1
DA:167,1
DA:169,1
DA:171,1
DA:172,1
DA:175,1
DA:183,1
DA:184,1
DA:185,1
DA:186,1
DA:194,1
DA:196,1
DA:198,1
DA:201,1
DA:207,1
DA:211,1
DA:215,1
DA:216,1
DA:217,1
DA:218,1
DA:222,1
DA:223,1
DA:224,1
DA:230,1
DA:235,1
DA:237,1
DA:240,1
DA:243,1
DA:250,1
DA:251,1
DA:252,1
DA:257,1
DA:258,1
DA:259,1
DA:260,1
DA:266,1
DA:269,1
DA:270,1
DA:280,1
DA:281,1
DA:282,1
DA:283,1
DA:284,1
DA:285,1
DA:286,1
DA:288,1
DA:289,1
DA:290,1
DA:291,1
DA:292,1
DA:293,1
DA:296,1
DA:297,1
DA:298,1
DA:317,1
DA:319,1
DA:320,1
DA:325,1
DA:330,1
DA:333,1
DA:334,1
DA:336,1
DA:344,1
LF:118
LH:118
FN:40,76,AnchorEditInfo.add
FNDA:1,AnchorEditInfo.add
FN:79,81,AnchorEditInfo.total
FNDA:1,AnchorEditInfo.total
FN:84,102,AnchorEditInfo.is_valid
FNDA:1,AnchorEditInfo.is_valid
FN:105,113,compute_anchor_edit_info
FNDA:1,compute_anchor_edit_info
FN:116,344,apply_fixes
FNDA:1,apply_fixes
FNF:5
FNH:5
end_of_record
SF:src/sqlfluff/core/linter/linted_dir.py
DA:7,1
DA:9,1
DA:15,1
DA:16,1
DA:17,1
DA:19,1
DA:32,1
DA:44,1
DA:45,1
DA:46,1
DA:47,1
DA:49,1
DA:51,1
DA:52,1
DA:53,1
DA:54,1
DA:55,1
DA:56,1
DA:57,1
DA:58,1
DA:60,1
DA:61,1
DA:63,1
DA:71,1
DA:78,1
DA:100,1
DA:101,1
DA:108,1
DA:111,1
DA:112,1
DA:113,1
DA:115,1
DA:116,1
DA:117,1
DA:122,1
DA:123,1
DA:124,1
DA:127,1
DA:133,1
DA:134,1
DA:135,1
DA:138,1
DA:139,1
DA:141,1
DA:150,1
DA:158,1
DA:166,1
DA:169,1
DA:176,1
DA:182,1
DA:186,1
DA:190,1
DA:192,1
DA:199,1
DA:201,1
DA:203,1
DA:210,1
DA:219,1
DA:221,1
DA:222,1
DA:223,1
DA:226,1
DA:228,1
DA:230,1
DA:232,1
DA:233,1
DA:234,1
DA:235,1
DA:238,1
DA:239,1
DA:241,1
DA:242,1
DA:243,1
DA:244,1
DA:245,1
DA:247,1
DA:248,1
DA:250,1
DA:251,1
DA:254,1
DA:257,1
LF:81
LH:81
FN:44,61,LintedDir.__init__
FNDA:1,LintedDir.__init__
FN:63,139,LintedDir.add
FNDA:1,LintedDir.add
FN:141,156,LintedDir.check_tuples
FNDA:1,LintedDir.check_tuples
FN:158,174,LintedDir.check_tuples_by_path
FNDA:1,LintedDir.check_tuples_by_path
FN:176,184,LintedDir.num_violations
FNDA:1,LintedDir.num_violations
FN:186,190,LintedDir.get_violations
FNDA:1,LintedDir.get_violations
FN:192,199,LintedDir.as_records
FNDA:1,LintedDir.as_records
FN:201,208,LintedDir.stats
FNDA:1,LintedDir.stats
FN:210,226,LintedDir.persist_changes
FNDA:1,LintedDir.persist_changes
FN:228,245,LintedDir.discard_fixes_for_lint_errors_in_files_with_tmp_or_prs_errors
FNDA:1,LintedDir.discard_fixes_for_lint_errors_in_files_with_tmp_or_prs_errors
FN:248,257,LintedDir.tree
FNDA:1,LintedDir.tree
FNF:11
FNH:11
end_of_record
SF:src/sqlfluff/core/linter/linted_file.py
DA:8,1
DA:9,1
DA:10,1
DA:11,1
DA:12,1
DA:13,1
DA:14,1
DA:15,1
DA:17,1
DA:24,1
DA:25,1
DA:28,1
DA:29,1
DA:30,1
DA:33,1
DA:35,1
DA:38,1
DA:39,1
DA:42,1
DA:46,1
DA:51,1
DA:56,1
DA:58,1
DA:59,1
DA:62,1
DA:65,1
DA:68,1
DA:69,1
DA:70,1
DA:71,1
DA:72,1
DA:73,1
DA:74,1
DA:76,1
DA:85,1
DA:86,1
DA:87,1
DA:88,1
DA:89,1
DA:90,1
DA:91,1
DA:93,1
DA:94,1
DA:107,1
DA:108,1
DA:109,1
DA:110,1
DA:111,1
DA:112,1
DA:113,1
DA:115,1
DA:118,1
DA:120,1
DA:133,1
DA:135,1
DA:139,1
DA:140,1
DA:143,1
DA:145,1
DA:146,1
DA:147,1
DA:149,1
DA:150,1
DA:152,1
DA:155,1
DA:157,1
DA:158,1
DA:160,1
DA:161,1
DA:163,1
DA:164,1
DA:166,1
DA:167,1
DA:168,1
DA:170,1
DA:181,1
DA:187,1
DA:189,1
DA:191,1
DA:193,1
DA:211,1
DA:212,1
DA:213,1
DA:214,1
DA:219,1
DA:220,1
DA:221,1
DA:222,1
DA:223,1
DA:224,1
DA:228,1
DA:229,1
DA:231,1
DA:236,1
DA:239,1
DA:240,1
DA:241,1
DA:245,1
DA:246,1
DA:250,1
DA:254,1
DA:257,1
DA:262,1
DA:264,1
DA:265,1
DA:283,1
DA:284,1
DA:285,1
DA:291,1
DA:295,1
DA:297,1
DA:298,1
DA:300,1
DA:301,1
DA:304,1
DA:308,1
DA:315,1
DA:318,1
DA:320,1
DA:336,1
DA:337,1
DA:339,1
DA:340,1
DA:342,1
DA:344,1
DA:345,1
DA:359,1
DA:360,1
DA:362,1
DA:363,1
DA:365,1
DA:372,1
DA:373,1
DA:376,1
DA:381,1
DA:382,1
DA:384,1
DA:388,1
DA:389,1
DA:391,1
DA:392,1
DA:394,1
DA:395,1
DA:396,1
DA:397,1
DA:400,1
DA:404,1
DA:405,1
DA:407,1
DA:408,1
DA:410,1
DA:412,1
DA:413,1
DA:421,1
DA:422,1
DA:423,1
DA:424,1
DA:425,1
DA:427,1
DA:428,1
DA:429,1
DA:430,1
DA:439,1
DA:440,1
DA:441,1
DA:443,1
DA:444,1
DA:445,1
LF:168
LH:168
FN:48,49,FileTimings.__repr__
FNDA:0,FileTimings.__repr__
FN:51,62,FileTimings.get_rule_timing_dict
FNDA:1,FileTimings.get_rule_timing_dict
FN:76,91,LintedFile.check_tuples
FNDA:1,LintedFile.check_tuples
FN:94,118,LintedFile.deduplicate_in_source_space
FNDA:1,LintedFile.deduplicate_in_source_space
FN:120,168,LintedFile.get_violations
FNDA:1,LintedFile.get_violations
FN:170,187,LintedFile.num_violations
FNDA:1,LintedFile.num_violations
FN:189,191,LintedFile.is_clean
FNDA:1,LintedFile.is_clean
FN:193,262,LintedFile.fix_string
FNDA:1,LintedFile.fix_string
FN:265,342,LintedFile._slice_source_file_using_patches
FNDA:1,LintedFile._slice_source_file_using_patches
FN:345,382,LintedFile._build_up_fixed_source_string
FNDA:1,LintedFile._build_up_fixed_source_string
FN:384,410,LintedFile.persist_tree
FNDA:1,LintedFile.persist_tree
FN:413,445,LintedFile._safe_create_replace_file
FNDA:1,LintedFile._safe_create_replace_file
FNF:12
FNH:11
end_of_record
SF:src/sqlfluff/core/linter/linter.py
DA:3,1
DA:4,1
DA:5,1
DA:6,1
DA:7,1
DA:21,1
DA:22,1
DA:24,1
DA:25,1
DA:33,1
DA:34,1
DA:40,1
DA:41,1
DA:42,1
DA:43,1
DA:48,1
DA:49,1
DA:50,1
DA:51,1
DA:52,1
DA:53,1
DA:61,1
DA:64,1
DA:67,1
DA:71,1
DA:73,1
DA:82,1
DA:91,1
DA:101,1
DA:102,1
DA:106,1
DA:108,1
DA:110,1
DA:112,1
DA:114,1
DA:115,1
DA:116,1
DA:117,1
DA:119,1
DA:121,1
DA:122,1
DA:130,1
DA:131,1
DA:135,1
DA:136,1
DA:137,1
DA:139,1
DA:140,1
DA:142,1
DA:143,1
DA:144,1
DA:151,1
DA:152,1
DA:154,1
DA:156,1
DA:158,1
DA:159,1
DA:161,1
DA:163,1
DA:164,1
DA:168,1
DA:169,1
DA:171,1
DA:173,1
DA:174,1
DA:177,1
DA:179,1
DA:180,1
DA:188,1
DA:189,1
DA:190,1
DA:192,1
DA:193,1
DA:195,1
DA:196,1
DA:208,1
DA:209,1
DA:210,1
DA:211,1
DA:212,1
DA:214,1
DA:216,1
DA:219,1
DA:221,1
DA:222,1
DA:228,1
DA:229,1
DA:231,1
DA:232,1
DA:240,1
DA:241,1
DA:242,1
DA:243,1
DA:248,1
DA:249,1
DA:252,1
DA:255,1
DA:256,1
DA:270,1
DA:271,1
DA:272,1
DA:274,1
DA:275,1
DA:280,1
DA:281,1
DA:282,1
DA:283,1
DA:284,1
DA:290,1
DA:294,1
DA:295,1
DA:303,1
DA:304,1
DA:305,1
DA:312,1
DA:313,1
DA:320,1
DA:321,1
DA:322,1
DA:324,1
DA:325,1
DA:326,1
DA:327,1
DA:328,1
DA:329,1
DA:330,1
DA:331,1
DA:340,1
DA:341,1
DA:342,1
DA:345,1
DA:353,1
DA:354,1
DA:356,1
DA:361,1
DA:370,1
DA:371,1
DA:386,1
DA:388,1
DA:390,1
DA:392,1
DA:396,1
DA:399,1
DA:400,1
DA:403,1
DA:404,1
DA:405,1
DA:408,1
DA:409,1
DA:411,1
DA:413,1
DA:422,1
DA:423,1
DA:424,1
DA:425,1
DA:426,1
DA:427,1
DA:431,1
DA:432,1
DA:434,1
DA:435,1
DA:439,1
DA:443,1
DA:445,1
DA:448,1
DA:449,1
DA:456,1
DA:462,1
DA:467,1
DA:469,1
DA:470,1
DA:477,1
DA:486,1
DA:487,1
DA:489,1
DA:490,1
DA:492,1
DA:510,1
DA:517,1
DA:525,1
DA:526,1
DA:537,1
DA:543,1
DA:544,1
DA:548,1
DA:551,1
DA:557,1
DA:560,1
DA:561,1
DA:562,1
DA:563,1
DA:568,1
DA:571,1
DA:575,1
DA:579,1
DA:583,1
DA:585,1
DA:590,1
DA:602,1
DA:603,1
DA:604,1
DA:610,1
DA:612,1
DA:613,1
DA:615,1
DA:616,1
DA:618,1
DA:620,1
DA:621,1
DA:630,1
DA:631,1
DA:632,1
DA:633,1
DA:634,1
DA:638,1
DA:639,1
DA:640,1
DA:641,1
DA:642,1
DA:644,1
DA:649,1
DA:650,1
DA:651,1
DA:652,1
DA:669,1
DA:670,1
DA:674,1
DA:678,1
DA:679,1
DA:680,0
DA:681,1
DA:682,1
DA:696,1
DA:701,1
DA:702,1
DA:705,1
DA:709,1
DA:715,1
DA:718,1
DA:727,1
DA:730,1
DA:733,1
DA:734,1
DA:735,1
DA:737,1
DA:749,1
DA:750,1
DA:758,1
DA:764,1
DA:766,1
DA:767,1
DA:772,1
DA:773,1
DA:774,1
DA:776,1
DA:777,1
DA:779,1
DA:780,1
DA:781,1
DA:782,1
DA:783,1
DA:785,1
DA:787,1
DA:788,1
DA:796,1
DA:797,1
DA:809,1
DA:813,1
DA:816,1
DA:821,1
DA:827,1
DA:828,1
DA:829,1
DA:840,1
DA:841,1
DA:842,1
DA:844,1
DA:845,1
DA:848,1
DA:849,1
DA:856,1
DA:857,1
DA:859,1
DA:860,1
DA:862,1
DA:866,1
DA:867,1
DA:869,1
DA:872,1
DA:874,1
DA:884,1
DA:887,1
DA:889,1
DA:891,1
DA:900,1
DA:903,1
DA:904,1
DA:907,1
DA:910,1
DA:911,1
DA:912,1
DA:915,1
DA:916,1
DA:918,1
DA:920,1
DA:928,1
DA:929,1
DA:930,1
DA:939,1
DA:941,1
DA:949,1
DA:950,1
DA:951,1
DA:960,1
DA:962,1
DA:977,1
DA:979,1
DA:985,1
DA:987,1
DA:995,1
DA:1002,1
DA:1003,1
DA:1004,1
DA:1005,1
DA:1006,1
DA:1007,1
DA:1009,1
DA:1018,1
DA:1022,1
DA:1039,1
DA:1041,1
DA:1042,1
DA:1043,1
DA:1045,1
DA:1046,1
DA:1047,1
DA:1048,1
DA:1054,1
DA:1055,1
DA:1057,1
DA:1058,1
DA:1059,1
DA:1060,1
DA:1063,1
DA:1064,1
DA:1067,1
DA:1069,1
DA:1076,1
DA:1077,1
DA:1080,1
DA:1081,1
DA:1088,1
DA:1089,1
DA:1090,1
DA:1097,1
DA:1098,1
DA:1103,1
DA:1104,1
DA:1112,1
DA:1113,1
DA:1114,1
DA:1116,1
DA:1117,1
DA:1119,1
DA:1129,1
DA:1130,1
DA:1134,1
DA:1135,1
DA:1137,1
DA:1138,1
DA:1141,1
DA:1142,1
DA:1143,1
DA:1144,1
LF:374
LH:373
FN:73,108,Linter.__init__
FNDA:1,Linter.__init__
FN:110,117,Linter.get_rulepack
FNDA:1,Linter.get_rulepack
FN:119,125,Linter.rule_tuples
FNDA:1,Linter.rule_tuples
FN:131,156,Linter.load_raw_file_and_config
FNDA:1,Linter.load_raw_file_and_config
FN:159,161,Linter._normalise_newlines
FNDA:1,Linter._normalise_newlines
FN:164,219,Linter._lex_templated_file
FNDA:1,Linter._lex_templated_file
FN:222,272,Linter._parse_tokens
FNDA:1,Linter._parse_tokens
FN:275,295,Linter.remove_templated_errors
FNDA:1,Linter.remove_templated_errors
FN:298,301,Linter._report_conflicting_fixes_same_anchor
FNDA:0,Linter._report_conflicting_fixes_same_anchor
FN:304,307,Linter._warn_unfixable
FNDA:1,Linter._warn_unfixable
FN:313,368,Linter.parse_rendered
FNDA:1,Linter.parse_rendered
FN:371,618,Linter.lint_fix_parsed
FNDA:1,Linter.lint_fix_parsed
FN:434,435,Linter.lint_fix_parsed.is_first_linter_pass
FNDA:1,Linter.lint_fix_parsed.is_first_linter_pass
FN:621,764,Linter.lint_parsed
FNDA:1,Linter.lint_parsed
FN:767,785,Linter.allowed_rule_ref_map
FNDA:1,Linter.allowed_rule_ref_map
FN:788,803,Linter.lint_rendered
FNDA:1,Linter.lint_rendered
FN:809,882,Linter.render_string
FNDA:1,Linter.render_string
FN:884,889,Linter.render_file
FNDA:1,Linter.render_file
FN:891,918,Linter.parse_string
FNDA:1,Linter.parse_string
FN:920,939,Linter.fix
FNDA:1,Linter.fix
FN:941,960,Linter.lint
FNDA:1,Linter.lint
FN:962,993,Linter.lint_string
FNDA:1,Linter.lint_string
FN:995,1007,Linter.lint_string_wrapped
FNDA:1,Linter.lint_string_wrapped
FN:1009,1020,Linter.lint_path
FNDA:1,Linter.lint_path
FN:1022,1117,Linter.lint_paths
FNDA:1,Linter.lint_paths
FN:1119,1150,Linter.parse_path
FNDA:1,Linter.parse_path
FNF:26
FNH:25
end_of_record
SF:src/sqlfluff/core/linter/linting_result.py
DA:3,1
DA:4,1
DA:5,1
DA:20,1
DA:21,1
DA:22,1
DA:23,1
DA:29,1
DA:31,1
DA:32,1
DA:35,1
DA:38,1
DA:40,1
DA:41,1
DA:42,1
DA:43,1
DA:46,1
DA:53,1
DA:54,1
DA:55,1
DA:56,1
DA:58,1
DA:60,1
DA:62,1
DA:64,1
DA:66,1
DA:74,1
DA:82,1
DA:88,1
DA:89,1
DA:90,1
DA:91,1
DA:93,1
DA:99,1
DA:103,1
DA:107,1
DA:109,1
DA:116,1
DA:117,1
DA:118,1
DA:120,1
DA:121,1
DA:122,1
DA:123,1
DA:124,1
DA:126,1
DA:127,1
DA:128,1
DA:129,1
DA:130,1
DA:131,1
DA:132,1
DA:134,1
DA:136,1
DA:137,1
DA:138,1
DA:141,1
DA:142,1
DA:143,1
DA:144,1
DA:146,1
DA:148,1
DA:155,1
DA:159,1
DA:160,1
DA:161,1
DA:164,1
DA:166,1
DA:168,1
DA:169,1
DA:176,1
DA:178,1
DA:179,1
DA:183,1
DA:191,1
DA:198,1
DA:204,1
DA:208,1
DA:227,1
DA:229,1
DA:230,1
DA:231,1
DA:233,1
DA:235,1
DA:236,1
LF:85
LH:85
FN:29,32,sum_dicts
FNDA:1,sum_dicts
FN:38,43,combine_dicts
FNDA:1,combine_dicts
FN:53,56,LintingResult.__init__
FNDA:1,LintingResult.__init__
FN:58,60,LintingResult.add
FNDA:1,LintingResult.add
FN:62,64,LintingResult.stop_timer
FNDA:1,LintingResult.stop_timer
FN:66,80,LintingResult.check_tuples
FNDA:1,LintingResult.check_tuples
FN:82,91,LintingResult.check_tuples_by_path
FNDA:1,LintingResult.check_tuples_by_path
FN:93,101,LintingResult.num_violations
FNDA:1,LintingResult.num_violations
FN:103,107,LintingResult.get_violations
FNDA:1,LintingResult.get_violations
FN:109,132,LintingResult.stats
FNDA:1,LintingResult.stats
FN:134,144,LintingResult.timing_summary
FNDA:1,LintingResult.timing_summary
FN:146,189,LintingResult.persist_timing_records
FNDA:1,LintingResult.persist_timing_records
FN:191,202,LintingResult.as_records
FNDA:1,LintingResult.as_records
FN:204,215,LintingResult.persist_changes
FNDA:1,LintingResult.persist_changes
FN:218,225,LintingResult.tree
FNDA:0,LintingResult.tree
FN:227,231,LintingResult.count_tmp_prs_errors
FNDA:1,LintingResult.count_tmp_prs_errors
FN:233,236,LintingResult.discard_fixes_for_lint_errors_in_files_with_tmp_or_prs_errors
FNDA:1,LintingResult.discard_fixes_for_lint_errors_in_files_with_tmp_or_prs_errors
FNF:17
FNH:16
end_of_record
SF:src/sqlfluff/core/linter/patch.py
DA:3,1
DA:4,1
DA:5,1
DA:12,1
DA:15,1
DA:16,1
DA:18,1
DA:21,1
DA:22,1
DA:25,1
DA:26,1
DA:30,1
DA:31,1
DA:32,1
DA:33,1
DA:35,1
DA:37,1
DA:40,1
DA:49,1
DA:50,1
DA:60,1
DA:73,1
DA:74,1
DA:75,1
DA:76,1
DA:78,1
DA:80,1
DA:83,1
DA:92,1
DA:94,1
DA:96,1
DA:107,1
DA:118,1
DA:119,1
DA:120,1
DA:123,1
DA:124,1
DA:125,1
DA:126,1
DA:127,1
DA:130,1
DA:133,1
DA:135,1
DA:136,1
DA:138,1
DA:139,1
DA:144,1
DA:149,1
DA:153,1
DA:160,1
DA:161,1
DA:182,1
DA:183,1
DA:186,1
DA:190,1
DA:191,1
DA:195,1
DA:196,1
DA:197,1
DA:201,1
DA:210,1
DA:220,1
DA:222,1
DA:223,1
DA:224,1
DA:228,1
DA:229,1
DA:230,1
DA:234,1
DA:235,1
DA:238,1
DA:250,1
DA:251,1
DA:252,1
DA:255,1
DA:258,1
DA:259,1
DA:262,1
DA:263,1
DA:267,1
DA:274,1
DA:277,1
DA:280,1
DA:281,1
DA:284,1
DA:285,1
DA:287,1
DA:288,1
DA:291,1
DA:292,1
DA:294,1
DA:298,1
DA:301,1
DA:302,1
DA:317,1
LF:95
LH:95
FN:35,37,FixPatch.dedupe_tuple
FNDA:1,FixPatch.dedupe_tuple
FN:40,57,_iter_source_fix_patches
FNDA:1,_iter_source_fix_patches
FN:60,217,_iter_templated_patches
FNDA:1,_iter_templated_patches
FN:220,235,_log_hints
FNDA:1,_log_hints
FN:238,317,generate_source_patches
FNDA:1,generate_source_patches
FNF:5
FNH:5
end_of_record
SF:src/sqlfluff/core/linter/runner.py
DA:10,1
DA:11,1
DA:12,1
DA:13,1
DA:14,1
DA:15,1
DA:16,1
DA:17,1
DA:18,1
DA:19,1
DA:20,1
DA:21,1
DA:23,1
DA:24,1
DA:25,1
DA:26,1
DA:28,1
DA:30,1
DA:33,1
DA:36,1
DA:41,1
DA:42,1
DA:44,1
DA:46,1
DA:48,1
DA:51,1
DA:52,1
DA:53,1
DA:54,1
DA:56,1
DA:65,1
DA:67,1
DA:68,1
DA:86,1
DA:87,1
DA:93,1
DA:95,1
DA:96,1
DA:97,1
DA:100,1
DA:108,1
DA:111,1
DA:113,1
DA:114,1
DA:115,1
DA:118,1
DA:119,1
DA:122,1
DA:125,1
DA:128,1
DA:130,1
DA:131,1
DA:132,1
DA:134,1
DA:142,1
DA:146,1
DA:147,1
DA:152,1
DA:153,1
DA:154,1
DA:155,1
DA:156,1
DA:159,1
DA:160,1
DA:168,1
DA:176,1
DA:177,1
DA:182,1
DA:183,1
DA:184,1
DA:187,1
DA:188,1
DA:196,1
DA:197,1
DA:200,1
DA:219,1
DA:229,1
DA:242,1
DA:243,1
DA:256,1
DA:259,1
DA:265,1
DA:267,1
DA:268,1
DA:281,1
DA:284,1
DA:287,1
DA:288,1
DA:289,1
DA:290,1
DA:291,1
DA:292,1
DA:294,1
DA:296,1
DA:299,1
DA:317,1
DA:318,1
DA:320,1
DA:324,1
DA:325,1
DA:327,1
DA:329,1
LF:102
LH:102
FN:36,42,BaseRunner.__init__
FNDA:1,BaseRunner.__init__
FN:46,54,BaseRunner.iter_rendered
FNDA:1,BaseRunner.iter_rendered
FN:56,79,BaseRunner.iter_partials
FNDA:1,BaseRunner.iter_partials
FN:82,84,BaseRunner.run
FNDA:0,BaseRunner.run
FN:87,93,BaseRunner._init_global
FNDA:1,BaseRunner._init_global
FN:96,105,BaseRunner._handle_lint_path_exception
FNDA:1,BaseRunner._handle_lint_path_exception
FN:111,119,SequentialRunner.run
FNDA:1,SequentialRunner.run
FN:130,132,ParallelRunner.__init__
FNDA:1,ParallelRunner.__init__
FN:134,174,ParallelRunner.run
FNDA:1,ParallelRunner.run
FN:177,188,ParallelRunner._apply
FNDA:1,ParallelRunner._apply
FN:191,194,ParallelRunner._init_global
FNDA:0,ParallelRunner._init_global
FN:197,200,ParallelRunner._create_pool
FNDA:1,ParallelRunner._create_pool
FN:204,216,ParallelRunner._map
FNDA:0,ParallelRunner._map
FN:232,240,MultiProcessRunner._init_global
FNDA:0,MultiProcessRunner._init_global
FN:243,256,MultiProcessRunner._map
FNDA:1,MultiProcessRunner._map
FN:268,281,MultiThreadRunner._map
FNDA:1,MultiThreadRunner._map
FN:287,292,DelayedException.__init__
FNDA:1,DelayedException.__init__
FN:294,296,DelayedException.reraise
FNDA:1,DelayedException.reraise
FN:299,329,get_runner
FNDA:1,get_runner
FNF:19
FNH:15
end_of_record
SF:src/sqlfluff/core/parser/__init__.py
DA:3,1
DA:16,1
DA:17,1
DA:18,1
DA:19,1
DA:20,1
DA:26,1
DA:52,1
DA:54,1
LF:9
LH:9
end_of_record
SF:src/sqlfluff/core/parser/context.py
DA:11,1
DA:12,1
DA:13,1
DA:14,1
DA:15,1
DA:27,1
DA:29,1
DA:38,1
DA:41,1
DA:63,1
DA:76,1
DA:80,1
DA:82,1
DA:84,1
DA:87,1
DA:93,1
DA:98,1
DA:99,1
DA:100,1
DA:101,1
DA:102,1
DA:108,1
DA:110,1
DA:114,1
DA:116,1
DA:118,1
DA:119,1
DA:128,1
DA:129,1
DA:130,1
DA:136,1
DA:141,1
DA:165,1
DA:167,1
DA:169,1
DA:174,1
DA:175,1
DA:177,1
DA:178,1
DA:179,1
DA:180,1
DA:181,1
DA:183,1
DA:204,1
DA:205,1
DA:210,1
DA:212,1
DA:214,1
DA:215,1
DA:240,1
DA:241,1
DA:242,1
DA:243,1
DA:244,1
DA:245,1
DA:246,1
DA:250,1
DA:251,1
DA:253,1
DA:256,1
DA:258,1
DA:260,1
DA:262,1
DA:263,1
DA:274,1
DA:275,1
DA:285,1
DA:286,1
DA:288,1
DA:290,1
DA:296,1
DA:297,1
DA:298,1
DA:299,1
DA:300,1
DA:301,1
DA:302,1
DA:308,1
DA:315,1
DA:317,1
DA:321,1
LF:81
LH:81
FN:63,116,ParseContext.__init__
FNDA:1,ParseContext.__init__
FN:119,139,ParseContext.from_config
FNDA:1,ParseContext.from_config
FN:141,181,ParseContext._set_terminators
FNDA:1,ParseContext._set_terminators
FN:183,212,ParseContext._reset_terminators
FNDA:1,ParseContext._reset_terminators
FN:215,260,ParseContext.deeper_match
FNDA:1,ParseContext.deeper_match
FN:263,288,ParseContext.progress_bar
FNDA:1,ParseContext.progress_bar
FN:290,302,ParseContext.update_progress
FNDA:1,ParseContext.update_progress
FN:304,306,ParseContext.stack
FNDA:0,ParseContext.stack
FN:308,315,ParseContext.check_parse_cache
FNDA:1,ParseContext.check_parse_cache
FN:317,321,ParseContext.put_parse_cache
FNDA:1,ParseContext.put_parse_cache
FNF:10
FNH:9
end_of_record
SF:src/sqlfluff/core/parser/grammar/__init__.py
DA:3,1
DA:9,1
DA:10,1
DA:11,1
DA:12,1
DA:14,1
LF:6
LH:6
end_of_record
SF:src/sqlfluff/core/parser/grammar/anyof.py
DA:3,1
DA:4,1
DA:6,1
DA:7,1
DA:11,1
DA:12,1
DA:17,1
DA:18,1
DA:19,1
DA:20,1
DA:23,1
DA:35,1
DA:36,1
DA:39,1
DA:40,1
DA:41,1
DA:43,1
DA:46,1
DA:47,1
DA:48,1
DA:50,1
DA:56,1
DA:59,1
DA:62,1
DA:67,1
DA:80,1
DA:81,1
DA:82,1
DA:84,1
DA:85,1
DA:94,1
DA:95,1
DA:102,1
DA:106,1
DA:107,1
DA:109,1
DA:111,1
DA:112,1
DA:113,1
DA:118,1
DA:124,1
DA:126,1
DA:137,1
DA:138,1
DA:141,1
DA:142,1
DA:144,1
DA:146,1
DA:148,1
DA:152,1
DA:153,1
DA:154,1
DA:156,1
DA:157,1
DA:170,1
DA:171,1
DA:178,1
DA:186,1
DA:189,1
DA:191,1
DA:196,1
DA:205,1
DA:208,1
DA:209,1
DA:211,1
DA:219,1
DA:220,1
DA:223,1
DA:224,1
DA:225,1
DA:227,1
DA:232,1
DA:240,1
DA:241,1
DA:242,1
DA:243,1
DA:244,1
DA:245,1
DA:246,1
DA:250,1
DA:257,1
DA:267,1
DA:280,1
DA:287,1
DA:296,1
DA:308,1
DA:311,1
DA:323,1
LF:88
LH:88
FN:23,56,_parse_mode_match_result
FNDA:1,_parse_mode_match_result
FN:67,92,AnyNumberOf.__init__
FNDA:1,AnyNumberOf.__init__
FN:95,116,AnyNumberOf.simple
FNDA:1,AnyNumberOf.simple
FN:118,124,AnyNumberOf.is_optional
FNDA:1,AnyNumberOf.is_optional
FN:126,246,AnyNumberOf.match
FNDA:1,AnyNumberOf.match
FN:257,277,OneOf.__init__
FNDA:1,OneOf.__init__
FN:287,305,OptionallyBracketed.__init__
FNDA:1,OptionallyBracketed.__init__
FN:311,334,AnySetOf.__init__
FNDA:1,AnySetOf.__init__
FNF:8
FNH:8
end_of_record
SF:src/sqlfluff/core/parser/grammar/base.py
DA:3,1
DA:4,1
DA:16,1
DA:18,1
DA:19,1
DA:20,1
DA:21,1
DA:22,1
DA:23,1
DA:24,1
DA:30,1
DA:40,1
DA:42,1
DA:51,1
DA:52,1
DA:54,1
DA:56,1
DA:57,1
DA:59,1
DA:63,1
DA:64,1
DA:65,1
DA:67,1
DA:70,1
DA:73,1
DA:82,1
DA:83,1
DA:87,1
DA:89,1
DA:90,1
DA:92,1
DA:93,1
DA:94,1
DA:96,1
DA:103,1
DA:149,1
DA:152,1
DA:153,1
DA:158,1
DA:161,1
DA:163,1
DA:167,1
DA:169,1
DA:171,1
DA:176,1
DA:178,1
DA:183,1
DA:185,1
DA:186,1
DA:190,1
DA:196,1
DA:198,1
DA:206,1
DA:213,1
DA:225,1
DA:271,1
DA:275,1
DA:279,1
DA:284,1
DA:285,1
DA:286,1
DA:293,1
DA:294,1
DA:295,1
DA:297,1
DA:298,1
DA:299,1
DA:300,1
DA:301,1
DA:308,1
DA:309,1
DA:317,1
DA:322,1
DA:325,1
DA:328,1
DA:330,1
DA:340,1
DA:344,1
DA:345,1
DA:347,1
DA:348,1
DA:359,1
DA:360,1
DA:370,1
DA:375,1
DA:377,1
DA:379,1
DA:383,1
DA:385,1
DA:389,1
DA:410,1
DA:414,1
DA:415,1
DA:420,1
DA:421,1
DA:425,1
DA:430,1
DA:432,1
DA:433,1
DA:449,1
DA:450,1
DA:453,1
DA:456,1
DA:470,1
DA:471,1
DA:473,1
DA:474,1
DA:475,1
DA:477,1
DA:491,1
DA:498,1
DA:505,1
LF:112
LH:112
FN:30,67,cached_method_for_parse_context
FNDA:1,cached_method_for_parse_context
FN:42,65,cached_method_for_parse_context.wrapped_method
FNDA:1,cached_method_for_parse_context.wrapped_method
FN:90,101,BaseGrammar._resolve_ref
FNDA:1,BaseGrammar._resolve_ref
FN:103,169,BaseGrammar.__init__
FNDA:1,BaseGrammar.__init__
FN:171,176,BaseGrammar.cache_key
FNDA:1,BaseGrammar.cache_key
FN:178,183,BaseGrammar.is_optional
FNDA:1,BaseGrammar.is_optional
FN:186,190,BaseGrammar.simple
FNDA:1,BaseGrammar.simple
FN:192,194,BaseGrammar.__str__
FNDA:0,BaseGrammar.__str__
FN:196,204,BaseGrammar.__repr__
FNDA:1,BaseGrammar.__repr__
FN:206,216,BaseGrammar.__eq__
FNDA:1,BaseGrammar.__eq__
FN:218,223,BaseGrammar.__ne__
FNDA:0,BaseGrammar.__ne__
FN:225,322,BaseGrammar.copy
FNDA:1,BaseGrammar.copy
FN:330,357,Ref.__init__
FNDA:1,Ref.__init__
FN:360,373,Ref.simple
FNDA:1,Ref.simple
FN:375,381,Ref._get_elem
FNDA:1,Ref._get_elem
FN:383,387,Ref.__repr__
FNDA:1,Ref.__repr__
FN:389,430,Ref.match
FNDA:1,Ref.match
FN:433,450,Ref.keyword
FNDA:1,Ref.keyword
FN:456,488,Anything.match
FNDA:1,Anything.match
FN:498,505,Nothing.match
FNDA:1,Nothing.match
FNF:20
FNH:18
end_of_record
SF:src/sqlfluff/core/parser/grammar/conditional.py
DA:3,1
DA:5,1
DA:6,1
DA:7,1
DA:8,1
DA:11,1
DA:43,1
DA:60,1
DA:63,1
DA:72,1
DA:73,1
DA:74,1
DA:76,1
DA:85,1
DA:87,1
DA:89,1
DA:91,1
DA:92,1
DA:93,1
DA:95,1
DA:102,1
DA:103,1
DA:105,1
LF:23
LH:23
FN:43,74,Conditional.__init__
FNDA:1,Conditional.__init__
FN:76,93,Conditional.is_enabled
FNDA:1,Conditional.is_enabled
FN:95,107,Conditional.match
FNDA:1,Conditional.match
FNF:3
FNH:3
end_of_record
SF:src/sqlfluff/core/parser/grammar/delimited.py
DA:3,1
DA:5,1
DA:6,1
DA:7,1
DA:8,1
DA:9,1
DA:13,1
DA:14,1
DA:15,1
DA:18,1
DA:25,1
DA:35,1
DA:72,1
DA:73,1
DA:74,1
DA:76,1
DA:77,1
DA:85,1
DA:97,1
DA:98,1
DA:99,1
DA:100,1
DA:101,1
DA:102,1
DA:104,1
DA:108,1
DA:114,1
DA:115,1
DA:120,1
DA:121,1
DA:124,1
DA:125,1
DA:128,1
DA:129,1
DA:135,1
DA:136,1
DA:139,1
DA:140,1
DA:141,1
DA:142,1
DA:145,1
DA:154,1
DA:156,1
DA:159,1
DA:161,1
DA:165,1
DA:167,1
DA:168,1
DA:169,1
DA:172,1
DA:173,1
DA:174,1
DA:176,1
DA:177,1
DA:178,1
DA:180,1
DA:181,1
DA:183,1
LF:58
LH:58
FN:35,83,Delimited.__init__
FNDA:1,Delimited.__init__
FN:85,183,Delimited.match
FNDA:1,Delimited.match
FNF:2
FNH:2
end_of_record
SF:src/sqlfluff/core/parser/grammar/noncode.py
DA:7,1
DA:9,1
DA:10,1
DA:11,1
DA:12,1
DA:13,1
DA:16,1
DA:19,1
DA:23,1
DA:34,1
DA:41,1
DA:43,1
DA:50,1
DA:51,1
DA:52,1
DA:53,1
DA:54,1
DA:55,1
DA:57,1
LF:19
LH:19
FN:19,23,NonCodeMatcher.simple
FNDA:1,NonCodeMatcher.simple
FN:25,32,NonCodeMatcher.is_optional
FNDA:0,NonCodeMatcher.is_optional
FN:34,41,NonCodeMatcher.cache_key
FNDA:1,NonCodeMatcher.cache_key
FN:43,57,NonCodeMatcher.match
FNDA:1,NonCodeMatcher.match
FNF:4
FNH:3
end_of_record
SF:src/sqlfluff/core/parser/grammar/sequence.py
DA:5,1
DA:6,1
DA:7,1
DA:9,1
DA:10,1
DA:11,1
DA:15,1
DA:16,1
DA:22,1
DA:23,1
DA:24,1
DA:31,1
DA:34,1
DA:56,1
DA:57,1
DA:58,1
DA:59,1
DA:60,1
DA:61,1
DA:63,1
DA:64,1
DA:66,1
DA:68,1
DA:69,1
DA:70,1
DA:71,1
DA:72,1
DA:74,1
DA:75,1
DA:77,1
DA:78,1
DA:81,1
DA:84,1
DA:89,1
DA:91,1
DA:92,1
DA:100,1
DA:101,1
DA:102,1
DA:103,1
DA:104,1
DA:105,1
DA:106,1
DA:107,1
DA:109,1
DA:111,1
DA:113,1
DA:115,1
DA:133,1
DA:134,1
DA:135,1
DA:136,1
DA:137,1
DA:138,1
DA:148,1
DA:150,1
DA:153,1
DA:161,1
DA:168,1
DA:172,1
DA:175,1
DA:176,1
DA:177,1
DA:179,1
DA:180,1
DA:181,1
DA:186,1
DA:189,1
DA:194,1
DA:197,1
DA:199,1
DA:200,1
DA:206,1
DA:213,1
DA:218,1
DA:219,1
DA:233,1
DA:235,1
DA:238,1
DA:242,1
DA:244,1
DA:246,1
DA:249,1
DA:251,1
DA:257,1
DA:265,1
DA:266,1
DA:277,1
DA:280,1
DA:310,1
DA:311,1
DA:314,1
DA:315,1
DA:317,1
DA:320,1
DA:326,1
DA:331,1
DA:332,1
DA:333,1
DA:336,1
DA:337,1
DA:340,1
DA:344,1
DA:345,1
DA:346,1
DA:347,1
DA:349,1
DA:350,1
DA:363,1
DA:365,1
DA:372,1
DA:389,1
DA:420,1
DA:421,1
DA:423,1
DA:424,1
DA:425,1
DA:432,1
DA:433,1
DA:440,1
DA:441,1
DA:443,1
DA:447,1
DA:448,1
DA:449,1
DA:450,1
DA:451,1
DA:452,1
DA:459,1
DA:461,1
DA:488,1
DA:492,1
DA:493,1
DA:497,1
DA:498,1
DA:500,1
DA:502,1
DA:508,1
DA:521,1
DA:529,1
DA:530,1
DA:531,1
DA:532,1
DA:533,1
DA:537,1
DA:543,1
DA:546,1
DA:550,1
DA:553,1
DA:558,1
DA:565,1
DA:567,1
DA:572,1
DA:577,1
DA:578,1
DA:580,1
DA:586,1
LF:157
LH:157
FN:34,78,_flush_metas
FNDA:1,_flush_metas
FN:92,113,Sequence.simple
FNDA:1,Sequence.simple
FN:115,369,Sequence.match
FNDA:1,Sequence.match
FN:389,430,Bracketed.__init__
FNDA:1,Bracketed.__init__
FN:433,441,Bracketed.simple
FNDA:1,Bracketed.simple
FN:443,459,Bracketed.get_bracket_from_dialect
FNDA:1,Bracketed.get_bracket_from_dialect
FN:461,592,Bracketed.match
FNDA:1,Bracketed.match
FNF:7
FNH:7
end_of_record
SF:src/sqlfluff/core/parser/helpers.py
DA:3,1
DA:5,1
DA:7,1
DA:11,1
DA:13,1
DA:16,1
DA:22,1
DA:23,1
DA:31,1
DA:34,1
DA:43,1
DA:44,1
DA:45,1
DA:47,1
DA:48,1
DA:51,1
DA:52,1
DA:55,1
DA:56,1
DA:58,1
LF:20
LH:20
FN:11,13,join_segments_raw
FNDA:1,join_segments_raw
FN:16,31,check_still_complete
FNDA:1,check_still_complete
FN:34,58,trim_non_code_segments
FNDA:1,trim_non_code_segments
FNF:3
FNH:3
end_of_record
SF:src/sqlfluff/core/parser/lexer.py
DA:3,1
DA:4,1
DA:5,1
DA:7,1
DA:9,1
DA:10,1
DA:11,1
DA:12,1
DA:13,1
DA:24,1
DA:25,1
DA:28,1
DA:31,1
DA:44,1
DA:45,1
DA:47,1
DA:49,1
DA:50,1
DA:52,1
DA:53,1
DA:54,1
DA:55,1
DA:61,1
DA:67,1
DA:69,1
DA:71,1
DA:72,1
DA:77,1
DA:79,1
DA:82,1
DA:85,1
DA:86,1
DA:89,1
DA:92,1
DA:93,1
DA:94,1
DA:96,1
DA:97,1
DA:101,1
DA:105,1
DA:109,1
DA:114,1
DA:117,1
DA:118,1
DA:120,1
DA:122,1
DA:125,1
DA:128,1
DA:137,1
DA:146,1
DA:147,1
DA:148,1
DA:149,1
DA:150,1
DA:151,1
DA:152,1
DA:154,1
DA:155,1
DA:157,1
DA:162,1
DA:164,1
DA:166,1
DA:167,1
DA:169,1
DA:171,1
DA:173,1
DA:174,1
DA:175,1
DA:177,1
DA:179,1
DA:186,1
DA:187,1
DA:188,1
DA:190,1
DA:191,1
DA:193,1
DA:195,1
DA:196,1
DA:198,1
DA:199,1
DA:205,1
DA:207,1
DA:208,1
DA:218,1
DA:221,1
DA:222,1
DA:225,1
DA:226,1
DA:229,1
DA:231,1
DA:239,1
DA:241,1
DA:242,1
DA:243,1
DA:245,1
DA:246,1
DA:248,1
DA:249,1
DA:252,1
DA:253,1
DA:256,1
DA:257,1
DA:258,1
DA:259,1
DA:261,1
DA:263,1
DA:272,1
DA:274,1
DA:276,1
DA:278,1
DA:283,1
DA:285,1
DA:293,1
DA:294,1
DA:295,1
DA:298,1
DA:301,1
DA:302,1
DA:303,1
DA:304,1
DA:305,1
DA:308,1
DA:311,1
DA:315,1
DA:316,1
DA:318,1
DA:320,1
DA:321,1
DA:323,1
DA:324,1
DA:325,1
DA:331,1
DA:333,1
DA:335,1
DA:336,1
DA:338,1
DA:339,1
DA:345,1
DA:348,1
DA:368,1
DA:372,1
DA:374,1
DA:375,1
DA:378,1
DA:383,1
DA:384,1
DA:389,1
DA:391,1
DA:392,1
DA:397,1
DA:400,1
DA:404,1
DA:405,1
DA:406,1
DA:407,1
DA:418,1
DA:427,1
DA:428,1
DA:429,1
DA:430,1
DA:444,1
DA:446,1
DA:450,1
DA:451,1
DA:454,1
DA:455,1
DA:467,1
DA:472,1
DA:480,1
DA:486,1
DA:488,1
DA:489,1
DA:492,1
DA:503,1
DA:517,1
DA:519,1
DA:521,1
DA:522,1
DA:525,1
DA:526,1
DA:531,1
DA:534,1
DA:536,1
DA:541,1
DA:544,1
DA:545,1
DA:550,1
DA:551,1
DA:553,1
DA:558,1
DA:571,1
DA:572,1
DA:574,1
DA:575,1
DA:585,1
DA:594,1
DA:597,1
DA:602,1
DA:606,1
DA:609,1
DA:626,1
DA:627,1
DA:632,1
DA:633,1
DA:634,1
DA:637,1
DA:640,1
DA:642,1
DA:645,1
DA:650,1
DA:651,1
DA:654,1
DA:655,1
DA:660,1
DA:661,1
DA:663,1
DA:666,1
DA:681,1
DA:682,1
DA:684,1
DA:697,1
DA:698,1
DA:699,1
DA:700,1
DA:706,1
DA:714,1
DA:715,1
DA:720,1
DA:725,1
DA:728,1
DA:734,1
DA:739,1
DA:741,1
DA:743,1
DA:749,1
DA:760,1
DA:761,1
DA:762,1
DA:764,1
DA:765,1
DA:768,1
DA:770,1
DA:771,1
DA:772,1
DA:773,1
DA:783,1
DA:784,1
DA:790,1
DA:793,1
DA:798,1
DA:800,1
DA:802,1
DA:806,1
DA:807,1
DA:809,1
DA:814,1
DA:824,1
DA:826,1
DA:827,1
DA:829,1
DA:830,1
DA:831,1
DA:832,1
DA:842,1
DA:844,1
DA:845,1
DA:847,1
DA:849,1
DA:850,1
DA:851,1
DA:852,1
DA:853,1
DA:855,1
DA:856,1
DA:859,1
DA:862,1
DA:864,1
DA:865,1
DA:874,1
DA:875,1
DA:876,1
DA:877,1
DA:878,1
DA:879,1
DA:888,1
LF:285
LH:285
FN:47,67,BlockTracker.enter
FNDA:1,BlockTracker.enter
FN:69,75,BlockTracker.exit
FNDA:1,BlockTracker.exit
FN:77,79,BlockTracker.top
FNDA:1,BlockTracker.top
FN:97,103,TemplateElement.from_element
FNDA:1,TemplateElement.from_element
FN:105,111,TemplateElement.to_segment
FNDA:1,TemplateElement.to_segment
FN:120,122,LexMatch.__bool__
FNDA:1,LexMatch.__bool__
FN:137,152,StringLexer.__init__
FNDA:1,StringLexer.__init__
FN:154,155,StringLexer.__repr__
FNDA:1,StringLexer.__repr__
FN:157,162,StringLexer.__post_init__
FNDA:1,StringLexer.__post_init__
FN:164,169,StringLexer._match
FNDA:1,StringLexer._match
FN:171,177,StringLexer.search
FNDA:1,StringLexer.search
FN:179,229,StringLexer._trim_match
FNDA:1,StringLexer._trim_match
FN:231,261,StringLexer._subdivide
FNDA:1,StringLexer._subdivide
FN:263,283,StringLexer.match
FNDA:1,StringLexer.match
FN:285,305,StringLexer.construct_segment
FNDA:1,StringLexer.construct_segment
FN:311,316,RegexLexer.__post_init__
FNDA:1,RegexLexer.__post_init__
FN:318,331,RegexLexer._match
FNDA:1,RegexLexer._match
FN:333,345,RegexLexer.search
FNDA:1,RegexLexer.search
FN:348,477,_handle_zero_length_slice
FNDA:1,_handle_zero_length_slice
FN:480,722,_iter_segments
FNDA:1,_iter_segments
FN:728,747,Lexer.__init__
FNDA:1,Lexer.__init__
FN:749,800,Lexer.lex
FNDA:1,Lexer.lex
FN:802,824,Lexer.elements_to_segments
FNDA:1,Lexer.elements_to_segments
FN:827,842,Lexer.violations_from_segments
FNDA:1,Lexer.violations_from_segments
FN:845,862,Lexer.lex_match
FNDA:1,Lexer.lex_match
FN:865,888,Lexer.map_template_slices
FNDA:1,Lexer.map_template_slices
FNF:26
FNH:26
end_of_record
SF:src/sqlfluff/core/parser/markers.py
DA:6,1
DA:7,1
DA:9,1
DA:11,1
DA:15,1
DA:16,1
DA:32,1
DA:33,1
DA:34,1
DA:36,1
DA:37,1
DA:39,1
DA:44,1
DA:45,1
DA:47,1
DA:48,1
DA:50,1
DA:51,1
DA:53,1
DA:54,1
DA:56,1
DA:57,1
DA:59,1
DA:60,1
DA:62,1
DA:63,1
DA:65,1
DA:66,1
DA:68,1
DA:70,1
DA:71,1
DA:73,1
DA:75,1
DA:77,1
DA:83,1
DA:84,1
DA:92,1
DA:99,1
DA:100,1
DA:106,1
DA:125,1
DA:126,1
DA:130,1
DA:134,1
DA:138,1
DA:141,1
DA:142,1
DA:144,1
DA:146,1
DA:150,1
DA:152,1
DA:156,1
DA:157,1
DA:159,1
DA:161,1
DA:162,1
DA:164,1
DA:166,1
DA:168,1
DA:169,1
DA:171,1
DA:173,1
DA:182,1
DA:184,1
DA:190,1
DA:191,1
DA:193,1
DA:194,1
DA:196,1
DA:198,1
DA:202,1
DA:203,1
DA:209,1
DA:210,1
DA:211,1
DA:212,1
DA:217,1
DA:219,1
DA:227,1
DA:243,1
DA:245,1
DA:247,1
DA:249,1
DA:251,1
LF:84
LH:84
FN:39,48,PositionMarker.__post_init__
FNDA:1,PositionMarker.__post_init__
FN:50,51,PositionMarker.__str__
FNDA:1,PositionMarker.__str__
FN:53,54,PositionMarker.__gt__
FNDA:1,PositionMarker.__gt__
FN:56,57,PositionMarker.__lt__
FNDA:1,PositionMarker.__lt__
FN:59,60,PositionMarker.__ge__
FNDA:1,PositionMarker.__ge__
FN:62,63,PositionMarker.__le__
FNDA:1,PositionMarker.__le__
FN:65,68,PositionMarker.__eq__
FNDA:1,PositionMarker.__eq__
FN:71,73,PositionMarker.working_loc
FNDA:1,PositionMarker.working_loc
FN:75,81,PositionMarker.working_loc_after
FNDA:1,PositionMarker.working_loc_after
FN:84,97,PositionMarker.from_point
FNDA:1,PositionMarker.from_point
FN:100,123,PositionMarker.from_points
FNDA:1,PositionMarker.from_points
FN:126,142,PositionMarker.from_child_markers
FNDA:1,PositionMarker.from_child_markers
FN:144,148,PositionMarker.source_position
FNDA:1,PositionMarker.source_position
FN:150,154,PositionMarker.templated_position
FNDA:1,PositionMarker.templated_position
FN:157,159,PositionMarker.line_no
FNDA:1,PositionMarker.line_no
FN:162,164,PositionMarker.line_pos
FNDA:1,PositionMarker.line_pos
FN:166,169,PositionMarker.to_source_string
FNDA:1,PositionMarker.to_source_string
FN:171,180,PositionMarker.start_point_marker
FNDA:1,PositionMarker.start_point_marker
FN:182,188,PositionMarker.end_point_marker
FNDA:1,PositionMarker.end_point_marker
FN:191,194,PositionMarker.slice_is_point
FNDA:1,PositionMarker.slice_is_point
FN:196,200,PositionMarker.is_point
FNDA:1,PositionMarker.is_point
FN:203,215,PositionMarker.infer_next_position
FNDA:1,PositionMarker.infer_next_position
FN:217,225,PositionMarker.with_working_position
FNDA:1,PositionMarker.with_working_position
FN:227,243,PositionMarker.is_literal
FNDA:1,PositionMarker.is_literal
FN:245,247,PositionMarker.source_str
FNDA:1,PositionMarker.source_str
FN:249,251,PositionMarker.to_source_dict
FNDA:1,PositionMarker.to_source_dict
FNF:26
FNH:26
end_of_record
SF:src/sqlfluff/core/parser/match_algorithms.py
DA:7,1
DA:8,1
DA:10,1
DA:11,1
DA:12,1
DA:13,1
DA:14,1
DA:17,1
DA:21,1
DA:22,1
DA:23,1
DA:24,1
DA:25,1
DA:27,1
DA:28,1
DA:31,1
DA:35,1
DA:36,1
DA:37,1
DA:39,1
DA:40,1
DA:43,1
DA:61,1
DA:62,1
DA:65,1
DA:70,1
DA:71,1
DA:72,1
DA:73,1
DA:77,1
DA:80,1
DA:91,1
DA:92,1
DA:95,1
DA:98,1
DA:99,1
DA:100,1
DA:102,1
DA:103,1
DA:104,1
DA:107,1
DA:108,1
DA:112,1
DA:113,1
DA:120,1
DA:122,1
DA:123,1
DA:126,1
DA:128,1
DA:129,1
DA:131,1
DA:133,1
DA:134,1
DA:136,1
DA:139,1
DA:183,1
DA:186,1
DA:187,1
DA:193,1
DA:198,1
DA:199,1
DA:201,1
DA:202,1
DA:204,1
DA:205,1
DA:209,1
DA:220,1
DA:221,1
DA:223,1
DA:225,1
DA:226,1
DA:232,1
DA:234,1
DA:236,1
DA:239,1
DA:240,1
DA:243,1
DA:244,1
DA:245,1
DA:251,1
DA:254,1
DA:255,1
DA:256,1
DA:257,1
DA:260,1
DA:262,1
DA:263,1
DA:264,1
DA:265,1
DA:268,1
DA:269,1
DA:270,1
DA:272,1
DA:273,1
DA:276,1
DA:279,1
DA:300,1
DA:303,1
DA:304,1
DA:311,1
DA:312,1
DA:313,1
DA:314,1
DA:329,1
DA:330,1
DA:331,1
DA:332,1
DA:337,1
DA:338,1
DA:339,1
DA:341,1
DA:343,1
DA:344,1
DA:345,1
DA:348,1
DA:349,1
DA:352,1
DA:353,1
DA:354,1
DA:355,1
DA:357,1
DA:359,1
DA:362,1
DA:365,1
DA:383,1
DA:384,1
DA:385,1
DA:386,1
DA:387,1
DA:391,1
DA:399,1
DA:402,1
DA:408,1
DA:409,1
DA:410,1
DA:411,1
DA:414,1
DA:415,1
DA:425,1
DA:426,1
DA:427,1
DA:437,1
DA:445,1
DA:447,1
DA:460,1
DA:461,1
DA:462,1
DA:467,1
DA:487,1
DA:490,1
DA:491,1
DA:496,1
DA:500,1
DA:503,1
DA:504,1
DA:505,1
DA:508,1
DA:509,1
DA:512,1
DA:519,1
DA:523,1
DA:525,1
DA:527,1
DA:532,1
DA:534,1
DA:546,1
DA:547,1
DA:551,1
DA:560,1
DA:563,1
DA:566,1
DA:569,1
DA:570,1
DA:577,1
DA:578,1
DA:581,1
DA:583,1
DA:585,1
DA:586,1
DA:594,1
DA:595,1
DA:596,1
DA:597,1
DA:601,1
DA:602,1
DA:607,1
DA:608,1
DA:610,1
DA:611,1
DA:612,1
DA:613,1
DA:614,1
DA:615,1
DA:618,1
DA:622,1
DA:623,1
DA:625,1
DA:628,0
DA:632,1
DA:633,1
DA:638,1
DA:644,1
DA:647,1
DA:652,1
DA:655,1
DA:676,1
DA:678,1
DA:684,1
DA:685,1
DA:688,1
DA:689,1
DA:691,1
DA:694,1
DA:697,1
DA:707,1
LF:215
LH:214
FN:17,28,skip_start_index_forward_to_code
FNDA:1,skip_start_index_forward_to_code
FN:31,40,skip_stop_index_backward_to_code
FNDA:1,skip_stop_index_backward_to_code
FN:43,62,first_trimmed_raw
FNDA:1,first_trimmed_raw
FN:65,77,first_non_whitespace
FNDA:1,first_non_whitespace
FN:80,136,prune_options
FNDA:1,prune_options
FN:139,276,longest_match
FNDA:1,longest_match
FN:279,362,next_match
FNDA:1,next_match
FN:365,462,resolve_bracket
FNDA:1,resolve_bracket
FN:467,547,next_ex_bracket_match
FNDA:1,next_ex_bracket_match
FN:551,652,greedy_match
FNDA:1,greedy_match
FN:655,709,trim_to_terminator
FNDA:1,trim_to_terminator
FNF:11
FNH:11
end_of_record
SF:src/sqlfluff/core/parser/match_result.py
DA:6,1
DA:7,1
DA:8,1
DA:21,1
DA:22,1
DA:28,1
DA:31,1
DA:32,1
DA:33,1
DA:34,1
DA:36,1
DA:37,1
DA:38,1
DA:41,1
DA:42,1
DA:65,1
DA:69,1
DA:71,1
DA:73,1
DA:77,1
DA:79,1
DA:81,1
DA:84,1
DA:89,1
DA:95,1
DA:96,1
DA:98,1
DA:100,1
DA:102,1
DA:104,1
DA:105,1
DA:106,1
DA:107,1
DA:108,1
DA:109,1
DA:110,1
DA:111,1
DA:112,1
DA:113,1
DA:114,1
DA:116,1
DA:117,1
DA:119,1
DA:121,1
DA:123,1
DA:125,1
DA:136,1
DA:137,1
DA:139,1
DA:145,1
DA:146,1
DA:147,1
DA:148,1
DA:150,1
DA:151,1
DA:156,1
DA:157,1
DA:158,1
DA:164,1
DA:178,1
DA:179,1
DA:180,1
DA:183,1
DA:187,1
DA:191,1
DA:192,1
DA:195,1
DA:203,1
DA:213,1
DA:214,1
DA:215,1
DA:220,1
DA:225,1
DA:226,1
DA:227,1
DA:228,1
DA:232,1
DA:233,1
DA:234,1
DA:236,1
DA:242,1
DA:246,1
DA:247,1
DA:249,1
DA:250,1
DA:253,1
DA:254,1
DA:256,1
DA:258,1
DA:259,1
DA:267,1
DA:269,1
DA:270,1
DA:272,1
DA:273,1
DA:277,1
DA:278,1
DA:282,1
DA:283,1
DA:285,1
DA:286,1
DA:289,1
DA:292,1
LF:103
LH:103
FN:28,38,_get_point_pos_at_idx
FNDA:1,_get_point_pos_at_idx
FN:79,93,MatchResult.__post_init__
FNDA:1,MatchResult.__post_init__
FN:95,96,MatchResult.__len__
FNDA:1,MatchResult.__len__
FN:98,100,MatchResult.__bool__
FNDA:1,MatchResult.__bool__
FN:102,114,MatchResult.stringify
FNDA:1,MatchResult.stringify
FN:117,119,MatchResult.empty_at
FNDA:1,MatchResult.empty_at
FN:121,123,MatchResult.is_better_than
FNDA:1,MatchResult.is_better_than
FN:125,162,MatchResult.append
FNDA:1,MatchResult.append
FN:164,201,MatchResult.wrap
FNDA:1,MatchResult.wrap
FN:203,292,MatchResult.apply
FNDA:1,MatchResult.apply
FNF:10
FNH:10
end_of_record
SF:src/sqlfluff/core/parser/matchable.py
DA:3,1
DA:4,1
DA:5,1
DA:13,1
DA:16,1
DA:20,1
LF:6
LH:6
FN:23,24,Matchable.is_optional
FNDA:0,Matchable.is_optional
FN:27,40,Matchable.simple
FNDA:0,Matchable.simple
FN:43,49,Matchable.match
FNDA:0,Matchable.match
FN:51,65,Matchable.copy
FNDA:0,Matchable.copy
FN:68,74,Matchable.cache_key
FNDA:0,Matchable.cache_key
FNF:5
FNH:0
end_of_record
SF:src/sqlfluff/core/parser/parser.py
DA:3,1
DA:5,1
DA:6,1
DA:7,1
DA:13,1
DA:16,1
DA:19,1
DA:24,1
DA:25,1
DA:29,1
DA:45,1
DA:49,1
DA:54,1
DA:78,1
LF:14
LH:14
FN:16,27,Parser.__init__
FNDA:1,Parser.__init__
FN:29,78,Parser.parse
FNDA:1,Parser.parse
FNF:2
FNH:2
end_of_record
SF:src/sqlfluff/core/parser/parsers.py
DA:6,1
DA:7,1
DA:8,1
DA:10,1
DA:12,1
DA:13,1
DA:14,1
DA:15,1
DA:16,1
DA:19,1
DA:24,1
DA:47,1
DA:52,1
DA:54,1
DA:56,1
DA:58,1
DA:60,1
DA:61,1
DA:62,1
DA:63,1
DA:64,1
DA:65,1
DA:66,1
DA:67,1
DA:69,1
DA:74,1
DA:81,1
DA:84,1
DA:108,1
DA:110,1
DA:111,1
DA:125,1
DA:127,1
DA:128,1
DA:130,1
DA:131,1
DA:133,1
DA:134,1
DA:136,1
DA:138,1
DA:140,1
DA:157,1
DA:159,1
DA:166,1
DA:167,1
DA:168,1
DA:171,1
DA:174,1
DA:183,1
DA:185,1
DA:186,1
DA:194,1
DA:195,1
DA:197,1
DA:205,1
DA:207,1
DA:218,1
DA:219,1
DA:220,1
DA:223,1
DA:226,1
DA:235,1
DA:237,1
DA:238,1
DA:246,1
DA:247,1
DA:249,1
DA:257,1
DA:259,1
DA:270,1
DA:271,1
DA:272,1
DA:275,1
DA:278,1
DA:289,1
DA:290,1
DA:292,1
DA:293,1
DA:294,1
DA:302,1
DA:303,1
DA:305,1
DA:312,1
DA:314,1
DA:325,1
DA:326,1
DA:327,1
DA:328,1
DA:330,1
DA:332,1
DA:333,1
DA:334,1
LF:92
LH:92
FN:27,45,BaseParser.__init__
FNDA:0,BaseParser.__init__
FN:47,52,BaseParser.cache_key
FNDA:1,BaseParser.cache_key
FN:54,56,BaseParser.is_optional
FNDA:1,BaseParser.is_optional
FN:58,67,BaseParser.segment_kwargs
FNDA:1,BaseParser.segment_kwargs
FN:69,78,BaseParser._match_at
FNDA:1,BaseParser._match_at
FN:84,134,TypedParser.__init__
FNDA:1,TypedParser.__init__
FN:136,138,TypedParser.__repr__
FNDA:1,TypedParser.__repr__
FN:140,157,TypedParser.simple
FNDA:1,TypedParser.simple
FN:159,168,TypedParser.match
FNDA:1,TypedParser.match
FN:174,192,StringParser.__init__
FNDA:1,StringParser.__init__
FN:194,195,StringParser.__repr__
FNDA:1,StringParser.__repr__
FN:197,205,StringParser.simple
FNDA:1,StringParser.simple
FN:207,220,StringParser.match
FNDA:1,StringParser.match
FN:226,244,MultiStringParser.__init__
FNDA:1,MultiStringParser.__init__
FN:246,247,MultiStringParser.__repr__
FNDA:1,MultiStringParser.__repr__
FN:249,257,MultiStringParser.simple
FNDA:1,MultiStringParser.simple
FN:259,272,MultiStringParser.match
FNDA:1,MultiStringParser.match
FN:278,300,RegexParser.__init__
FNDA:1,RegexParser.__init__
FN:302,303,RegexParser.__repr__
FNDA:1,RegexParser.__repr__
FN:305,312,RegexParser.simple
FNDA:1,RegexParser.simple
FN:314,334,RegexParser.match
FNDA:1,RegexParser.match
FNF:21
FNH:20
end_of_record
SF:src/sqlfluff/core/parser/segments/__init__.py
DA:3,1
DA:8,1
DA:9,1
DA:24,1
DA:25,1
DA:26,1
DA:27,1
DA:36,1
DA:38,1
LF:9
LH:9
end_of_record
SF:src/sqlfluff/core/parser/segments/base.py
DA:12,1
DA:14,1
DA:15,1
DA:16,1
DA:17,1
DA:18,1
DA:19,1
DA:20,1
DA:37,1
DA:39,1
DA:40,1
DA:41,1
DA:42,1
DA:43,1
DA:44,1
DA:51,1
DA:53,1
DA:54,1
DA:59,1
DA:60,1
DA:63,1
DA:64,1
DA:70,1
DA:72,1
DA:75,1
DA:78,1
DA:79,1
DA:89,1
DA:90,1
DA:91,1
DA:92,1
DA:95,1
DA:104,1
DA:105,1
DA:106,1
DA:107,1
DA:110,1
DA:122,1
DA:140,1
DA:143,1
DA:144,1
DA:145,1
DA:148,1
DA:167,1
DA:168,1
DA:170,1
DA:171,1
DA:172,1
DA:174,1
DA:177,1
DA:179,1
DA:180,1
DA:182,1
DA:184,1
DA:186,1
DA:187,1
DA:189,1
DA:201,1
DA:203,1
DA:204,1
DA:208,1
DA:210,1
DA:211,1
DA:215,1
DA:217,1
DA:218,1
DA:219,1
DA:221,1
DA:222,1
DA:223,1
DA:224,1
DA:229,1
DA:231,1
DA:233,1
DA:236,1
DA:237,1
DA:238,1
DA:253,1
DA:254,1
DA:256,1
DA:267,1
DA:268,1
DA:270,1
DA:271,1
DA:273,1
DA:275,1
DA:277,1
DA:278,1
DA:280,1
DA:282,1
DA:285,1
DA:289,1
DA:290,1
DA:292,1
DA:300,1
DA:301,1
DA:303,1
DA:305,1
DA:306,1
DA:311,1
DA:318,1
DA:319,1
DA:321,1
DA:323,1
DA:324,1
DA:326,1
DA:328,1
DA:329,1
DA:334,1
DA:336,1
DA:337,1
DA:344,1
DA:350,1
DA:351,1
DA:358,1
DA:360,1
DA:361,1
DA:363,1
DA:365,1
DA:366,1
DA:368,1
DA:370,1
DA:371,1
DA:375,1
DA:376,1
DA:378,1
DA:379,1
DA:380,1
DA:383,1
DA:389,1
DA:391,1
DA:392,1
DA:394,1
DA:396,1
DA:397,1
DA:399,1
DA:400,1
DA:401,1
DA:402,1
DA:405,1
DA:406,1
DA:421,1
DA:422,1
DA:429,1
DA:434,1
DA:436,1
DA:437,1
DA:453,1
DA:454,1
DA:455,1
DA:459,1
DA:460,1
DA:462,1
DA:463,1
DA:465,1
DA:467,1
DA:468,1
DA:469,1
DA:473,1
DA:474,1
DA:476,1
DA:477,1
DA:480,1
DA:481,1
DA:482,1
DA:484,1
DA:487,1
DA:489,1
DA:491,1
DA:497,1
DA:498,1
DA:505,1
DA:509,1
DA:510,1
DA:516,1
DA:519,1
DA:520,1
DA:523,1
DA:524,1
DA:526,1
DA:527,1
DA:529,1
DA:530,1
DA:531,1
DA:533,1
DA:537,1
DA:538,1
DA:547,1
DA:548,1
DA:554,1
DA:555,1
DA:560,1
DA:579,1
DA:580,1
DA:583,1
DA:584,1
DA:585,1
DA:587,1
DA:588,1
DA:595,1
DA:596,1
DA:597,1
DA:598,1
DA:599,1
DA:600,1
DA:602,1
DA:603,1
DA:606,1
DA:609,1
DA:610,1
DA:611,1
DA:612,1
DA:615,1
DA:618,1
DA:619,1
DA:620,1
DA:621,1
DA:622,1
DA:624,1
DA:625,1
DA:642,1
DA:644,1
DA:646,1
DA:648,1
DA:649,1
DA:652,1
DA:656,1
DA:657,1
DA:674,1
DA:676,1
DA:678,1
DA:683,1
DA:689,1
DA:693,1
DA:695,1
DA:696,1
DA:698,1
DA:699,1
DA:701,1
DA:711,1
DA:712,1
DA:714,1
DA:728,1
DA:729,1
DA:730,1
DA:731,1
DA:732,1
DA:733,1
DA:734,1
DA:736,1
DA:738,1
DA:740,1
DA:742,1
DA:743,1
DA:744,1
DA:748,1
DA:750,1
DA:752,1
DA:754,1
DA:760,1
DA:761,1
DA:763,1
DA:770,1
DA:772,1
DA:773,1
DA:775,1
DA:777,1
DA:778,1
DA:780,1
DA:782,1
DA:783,1
DA:787,1
DA:791,1
DA:792,1
DA:793,1
DA:794,1
DA:816,1
DA:819,1
DA:820,1
DA:827,1
DA:829,1
DA:838,1
DA:839,1
DA:840,1
DA:841,1
DA:854,1
DA:867,1
DA:883,1
DA:884,1
DA:890,1
DA:893,1
DA:894,1
DA:895,1
DA:901,1
DA:902,1
DA:906,1
DA:907,1
DA:914,1
DA:919,1
DA:921,1
DA:927,1
DA:929,1
DA:931,1
DA:933,1
DA:935,1
DA:937,1
DA:941,1
DA:942,1
DA:943,1
DA:947,1
DA:949,1
DA:951,1
DA:952,1
DA:954,1
DA:956,1
DA:957,1
DA:958,1
DA:959,1
DA:961,1
DA:963,1
DA:965,1
DA:967,1
DA:968,1
DA:969,1
DA:970,1
DA:972,1
DA:974,1
DA:975,1
DA:976,1
DA:977,1
DA:978,1
DA:980,1
DA:992,1
DA:993,1
DA:994,1
DA:995,1
DA:996,1
DA:997,1
DA:998,1
DA:999,1
DA:1000,1
DA:1002,1
DA:1004,1
DA:1005,1
DA:1006,1
DA:1007,1
DA:1008,1
DA:1009,1
DA:1010,1
DA:1012,1
DA:1033,1
DA:1034,1
DA:1037,1
DA:1038,1
DA:1039,1
DA:1041,1
DA:1045,1
DA:1047,1
DA:1050,1
DA:1051,1
DA:1056,1
DA:1057,1
DA:1063,1
DA:1085,1
DA:1089,1
DA:1090,1
DA:1093,1
DA:1094,1
DA:1096,1
DA:1098,1
DA:1099,1
DA:1100,1
DA:1103,1
DA:1107,1
DA:1115,1
DA:1117,1
DA:1118,1
DA:1121,1
DA:1124,1
DA:1125,1
DA:1127,1
DA:1131,1
DA:1132,1
DA:1138,1
DA:1140,1
DA:1142,1
DA:1145,1
DA:1146,1
DA:1148,1
DA:1149,1
DA:1150,1
DA:1155,1
DA:1156,1
DA:1157,1
DA:1159,1
DA:1173,1
DA:1174,1
DA:1177,1
DA:1181,1
DA:1186,1
DA:1191,1
DA:1195,1
DA:1196,1
DA:1197,1
DA:1199,1
DA:1200,1
DA:1201,1
DA:1202,1
DA:1207,1
DA:1208,1
DA:1209,1
DA:1210,1
DA:1211,1
DA:1212,1
DA:1216,1
DA:1217,1
DA:1219,1
DA:1223,1
DA:1224,1
DA:1225,1
DA:1233,1
DA:1237,1
DA:1239,1
DA:1240,1
DA:1246,1
DA:1249,1
DA:1252,1
DA:1254,1
DA:1256,1
DA:1257,1
DA:1259,1
DA:1265,1
DA:1266,1
DA:1268,1
DA:1273,1
DA:1275,1
DA:1280,1
LF:437
LH:437
FN:72,75,SourceFix.__hash__
FNDA:1,SourceFix.__hash__
FN:95,107,_iter_base_types
FNDA:1,_iter_base_types
FN:122,145,SegmentMetaclass.__new__
FNDA:1,SegmentMetaclass.__new__
FN:189,219,BaseSegment.__init__
FNDA:1,BaseSegment.__init__
FN:221,229,BaseSegment.__setattr__
FNDA:1,BaseSegment.__setattr__
FN:231,251,BaseSegment.__eq__
FNDA:1,BaseSegment.__eq__
FN:254,265,BaseSegment._hash
FNDA:1,BaseSegment._hash
FN:267,268,BaseSegment.__hash__
FNDA:1,BaseSegment.__hash__
FN:270,271,BaseSegment.__repr__
FNDA:1,BaseSegment.__repr__
FN:273,278,BaseSegment.__getstate__
FNDA:1,BaseSegment.__getstate__
FN:280,285,BaseSegment.__setstate__
FNDA:1,BaseSegment.__setstate__
FN:290,292,BaseSegment._comments
FNDA:1,BaseSegment._comments
FN:295,297,BaseSegment._non_comments
FNDA:0,BaseSegment._non_comments
FN:301,303,BaseSegment.is_code
FNDA:1,BaseSegment.is_code
FN:306,311,BaseSegment._code_indices
FNDA:1,BaseSegment._code_indices
FN:314,316,BaseSegment.is_comment
FNDA:0,BaseSegment.is_comment
FN:319,321,BaseSegment.is_whitespace
FNDA:1,BaseSegment.is_whitespace
FN:324,326,BaseSegment.raw
FNDA:1,BaseSegment.raw
FN:329,334,BaseSegment.class_types
FNDA:1,BaseSegment.class_types
FN:337,348,BaseSegment.descendant_type_set
FNDA:1,BaseSegment.descendant_type_set
FN:351,358,BaseSegment.direct_descendant_type_set
FNDA:1,BaseSegment.direct_descendant_type_set
FN:361,363,BaseSegment.raw_upper
FNDA:1,BaseSegment.raw_upper
FN:366,368,BaseSegment.raw_segments
FNDA:1,BaseSegment.raw_segments
FN:371,389,BaseSegment.raw_segments_with_ancestors
FNDA:1,BaseSegment.raw_segments_with_ancestors
FN:392,394,BaseSegment.source_fixes
FNDA:1,BaseSegment.source_fixes
FN:397,402,BaseSegment.first_non_whitespace_segment_raw_upper
FNDA:1,BaseSegment.first_non_whitespace_segment_raw_upper
FN:406,425,BaseSegment.is_templated
FNDA:1,BaseSegment.is_templated
FN:429,434,BaseSegment._suffix
FNDA:1,BaseSegment._suffix
FN:437,533,BaseSegment._position_segments
FNDA:1,BaseSegment._position_segments
FN:538,552,BaseSegment.simple
FNDA:1,BaseSegment.simple
FN:555,560,BaseSegment.cache_key
FNDA:1,BaseSegment.cache_key
FN:563,577,BaseSegment.is_optional
FNDA:0,BaseSegment.is_optional
FN:580,585,BaseSegment.class_is_type
FNDA:1,BaseSegment.class_is_type
FN:588,622,BaseSegment.structural_simplify
FNDA:1,BaseSegment.structural_simplify
FN:625,652,BaseSegment.match
FNDA:1,BaseSegment.match
FN:656,674,BaseSegment._recalculate_caches
FNDA:1,BaseSegment._recalculate_caches
FN:676,689,BaseSegment._preface
FNDA:1,BaseSegment._preface
FN:693,699,BaseSegment.set_as_parent
FNDA:1,BaseSegment.set_as_parent
FN:701,712,BaseSegment.set_parent
FNDA:1,BaseSegment.set_parent
FN:714,734,BaseSegment.get_parent
FNDA:1,BaseSegment.get_parent
FN:736,738,BaseSegment.get_type
FNDA:1,BaseSegment.get_type
FN:740,748,BaseSegment.count_segments
FNDA:1,BaseSegment.count_segments
FN:750,752,BaseSegment.is_type
FNDA:1,BaseSegment.is_type
FN:754,763,BaseSegment.invalidate_caches
FNDA:1,BaseSegment.invalidate_caches
FN:765,768,BaseSegment.get_start_point_marker
FNDA:0,BaseSegment.get_start_point_marker
FN:770,773,BaseSegment.get_end_point_marker
FNDA:1,BaseSegment.get_end_point_marker
FN:775,778,BaseSegment.get_start_loc
FNDA:1,BaseSegment.get_start_loc
[...]
DA:136,1
DA:145,1
DA:154,1
DA:155,1
DA:164,1
DA:167,1
DA:177,1
DA:180,1
DA:182,1
DA:184,1
DA:185,1
DA:187,1
DA:194,1
DA:195,1
DA:200,1
DA:203,1
DA:216,1
DA:218,1
DA:219,1
DA:224,1
DA:225,1
DA:226,1
DA:228,1
DA:229,1
DA:230,1
DA:236,1
DA:237,1
DA:239,1
DA:242,1
DA:243,1
DA:246,1
DA:257,1
DA:263,1
DA:266,1
DA:274,1
DA:277,1
DA:278,1
DA:280,1
DA:281,1
DA:284,1
DA:287,1
DA:288,1
DA:292,1
DA:293,1
DA:300,1
DA:301,1
DA:302,1
DA:305,1
DA:308,1
DA:314,1
DA:315,1
DA:316,1
DA:318,1
DA:319,1
DA:320,1
DA:322,0
DA:323,1
DA:324,1
DA:326,1
DA:329,1
DA:330,1
DA:341,1
DA:346,1
DA:349,1
DA:363,1
DA:364,1
DA:365,1
DA:375,1
DA:381,1
DA:382,1
DA:383,1
DA:384,1
DA:389,1
DA:390,1
DA:393,1
DA:394,1
DA:406,1
DA:407,1
DA:409,1
DA:410,1
DA:413,1
DA:414,1
DA:417,1
DA:418,1
DA:420,1
DA:423,1
DA:428,1
DA:436,1
DA:440,1
DA:444,1
DA:447,1
DA:456,1
DA:457,1
DA:459,1
DA:466,1
DA:467,1
DA:468,1
DA:469,1
DA:474,1
DA:482,1
DA:487,1
DA:494,1
DA:504,1
DA:505,1
DA:507,1
DA:510,1
DA:517,1
DA:524,1
DA:528,1
DA:532,1
DA:535,1
DA:544,1
DA:545,1
DA:547,1
DA:554,1
DA:555,1
DA:556,1
DA:561,1
DA:569,1
DA:576,1
DA:585,1
DA:586,1
DA:594,1
DA:601,1
DA:611,1
DA:617,1
DA:618,1
DA:624,1
DA:625,1
DA:626,1
DA:631,1
DA:634,1
DA:635,1
DA:641,1
DA:646,1
DA:654,1
DA:661,1
DA:663,1
DA:666,1
DA:680,1
DA:681,1
DA:682,1
DA:692,1
DA:698,1
DA:699,1
DA:700,1
DA:701,1
DA:712,1
DA:713,1
DA:725,1
DA:726,1
DA:728,1
DA:729,1
DA:732,1
DA:733,1
DA:736,1
DA:737,1
DA:739,1
DA:742,1
DA:743,1
DA:748,1
DA:751,1
DA:755,1
DA:764,1
DA:765,1
DA:767,1
DA:768,1
DA:770,1
DA:773,1
DA:774,1
DA:778,1
DA:782,1
DA:786,1
DA:795,1
DA:796,1
DA:798,1
DA:804,1
DA:805,1
DA:811,1
DA:812,1
DA:813,1
DA:818,1
DA:821,1
DA:822,1
DA:828,1
DA:833,1
DA:841,1
DA:848,1
DA:850,1
LF:251
LH:250
FN:43,66,_RebreakIndices.from_elements
FNDA:1,_RebreakIndices.from_elements
FN:80,90,_RebreakLocation.from_span
FNDA:1,_RebreakLocation.from_span
FN:92,94,_RebreakLocation.pretty_target_name
FNDA:1,_RebreakLocation.pretty_target_name
FN:96,117,_RebreakLocation.has_templated_newline
FNDA:1,_RebreakLocation.has_templated_newline
FN:119,142,_RebreakLocation.has_inappropriate_newlines
FNDA:1,_RebreakLocation.has_inappropriate_newlines
FN:145,164,first_create_anchor
FNDA:1,first_create_anchor
FN:167,263,identify_rebreak_spans
FNDA:1,identify_rebreak_spans
FN:266,346,identify_keyword_rebreak_spans
FNDA:1,identify_keyword_rebreak_spans
FN:349,663,rebreak_sequence
FNDA:1,rebreak_sequence
FN:666,850,rebreak_keywords_sequence
FNDA:1,rebreak_keywords_sequence
FNF:10
FNH:10
end_of_record
SF:src/sqlfluff/utils/reflow/reindent.py
DA:3,1
DA:4,1
DA:5,1
DA:6,1
DA:7,1
DA:20,1
DA:21,1
DA:22,1
DA:28,1
DA:29,1
DA:30,1
DA:31,1
DA:37,1
DA:38,1
DA:43,1
DA:46,1
DA:53,1
DA:54,1
DA:56,1
DA:60,1
DA:63,1
DA:64,1
DA:65,1
DA:66,1
DA:69,1
DA:70,1
DA:71,1
DA:74,1
DA:75,1
DA:82,1
DA:83,1
DA:84,1
DA:85,1
DA:86,1
DA:87,1
DA:93,1
DA:95,1
DA:96,1
DA:97,1
DA:100,1
DA:101,1
DA:109,1
DA:110,1
DA:112,1
DA:114,1
DA:125,1
DA:126,1
DA:129,1
DA:130,1
DA:132,1
DA:133,1
DA:135,1
DA:139,1
DA:140,1
DA:142,1
DA:143,1
DA:144,1
DA:146,1
DA:147,1
DA:148,1
DA:149,1
DA:151,1
DA:152,1
DA:153,1
DA:155,1
DA:157,1
DA:158,1
DA:162,1
DA:164,1
DA:166,1
DA:184,1
DA:188,1
DA:199,1
DA:201,1
DA:207,1
DA:217,1
DA:219,1
DA:221,1
DA:223,1
DA:232,1
DA:233,1
DA:234,1
DA:237,1
DA:278,1
DA:281,1
DA:282,1
DA:283,1
DA:284,1
DA:285,1
DA:288,1
DA:290,1
DA:291,1
DA:295,1
DA:296,1
DA:297,1
DA:298,1
DA:306,1
DA:309,1
DA:311,1
DA:312,1
DA:313,1
DA:316,1
DA:317,1
DA:318,1
DA:323,1
DA:324,1
DA:325,1
DA:327,1
DA:329,1
DA:330,1
DA:331,1
DA:333,1
DA:334,1
DA:335,1
DA:338,1
DA:340,1
DA:341,1
DA:342,1
DA:346,1
DA:350,1
DA:351,1
DA:355,1
DA:358,1
DA:359,1
DA:360,1
DA:371,1
DA:372,1
DA:373,1
DA:374,1
DA:378,1
DA:379,1
DA:383,1
DA:390,1
DA:391,1
DA:392,1
DA:394,1
DA:401,1
DA:402,1
DA:403,1
DA:404,1
DA:405,1
DA:406,0
DA:408,1
DA:411,1
DA:412,1
DA:416,1
DA:418,1
DA:421,1
DA:422,1
DA:423,1
DA:424,1
DA:425,1
DA:431,1
DA:434,1
DA:436,1
DA:443,1
DA:452,1
DA:453,1
DA:454,1
DA:455,1
DA:456,1
DA:457,1
DA:459,1
DA:460,1
DA:462,1
DA:463,1
DA:464,1
DA:465,1
DA:466,1
DA:469,1
DA:471,1
DA:472,1
DA:473,1
DA:477,1
DA:479,1
DA:480,1
DA:485,1
DA:490,1
DA:491,1
DA:492,1
DA:493,1
DA:495,1
DA:498,1
DA:500,1
DA:501,1
DA:504,1
DA:505,1
DA:508,1
DA:509,1
DA:516,1
DA:517,1
DA:520,1
DA:521,1
DA:522,1
DA:523,1
DA:526,1
DA:528,1
DA:529,1
DA:534,1
DA:541,1
DA:544,1
DA:545,1
DA:546,1
DA:552,1
DA:553,1
DA:555,1
DA:556,1
DA:562,1
DA:564,1
DA:566,1
DA:567,1
DA:574,1
DA:575,1
DA:576,1
DA:580,1
DA:584,1
DA:585,1
DA:586,1
DA:587,1
DA:592,1
DA:593,1
DA:598,1
DA:600,1
DA:606,1
DA:608,1
DA:609,1
DA:610,1
DA:611,1
DA:616,1
DA:619,1
DA:633,1
DA:634,1
DA:635,1
DA:638,1
DA:639,1
DA:641,1
DA:642,1
DA:643,1
DA:644,1
DA:646,1
DA:648,1
DA:649,1
DA:650,1
DA:651,1
DA:652,1
DA:656,1
DA:659,1
DA:660,1
DA:661,1
DA:665,1
DA:666,1
DA:667,1
DA:669,1
DA:672,1
DA:675,1
DA:676,1
DA:677,1
DA:681,1
DA:685,1
DA:687,1
DA:688,1
DA:689,1
DA:690,1
DA:691,1
DA:692,1
DA:693,1
DA:694,1
DA:695,1
DA:696,1
DA:697,1
DA:698,1
DA:699,1
DA:702,1
DA:712,1
DA:713,1
DA:716,1
DA:717,1
DA:718,1
DA:720,1
DA:721,1
DA:723,1
DA:727,1
DA:728,1
DA:732,1
DA:733,1
DA:735,1
DA:738,1
DA:740,1
DA:741,1
DA:746,1
DA:748,1
DA:749,1
DA:750,1
DA:751,1
DA:758,1
DA:775,1
DA:789,1
DA:790,1
DA:791,1
DA:792,1
DA:793,1
DA:795,1
DA:798,1
DA:808,1
DA:811,1
DA:813,1
DA:816,1
DA:832,1
DA:833,1
DA:834,1
DA:835,1
DA:836,1
DA:837,1
DA:838,1
DA:843,1
DA:857,1
DA:858,1
DA:859,1
DA:865,1
DA:866,1
DA:867,1
DA:868,1
DA:869,1
DA:870,1
DA:871,1
DA:872,1
DA:876,1
DA:880,1
DA:882,1
DA:887,1
DA:889,1
DA:905,1
DA:907,1
DA:917,1
DA:921,1
DA:924,1
DA:936,1
DA:937,1
DA:938,1
DA:941,1
DA:944,1
DA:957,1
DA:958,1
DA:968,1
DA:973,1
DA:975,1
DA:977,1
DA:983,1
DA:990,1
DA:993,1
DA:998,1
DA:1014,1
DA:1015,1
DA:1016,1
DA:1024,1
DA:1029,1
DA:1031,1
DA:1036,1
DA:1037,1
DA:1039,1
DA:1043,1
DA:1046,1
DA:1049,1
DA:1052,1
DA:1055,1
DA:1075,1
DA:1076,1
DA:1081,1
DA:1092,1
DA:1094,1
DA:1098,1
DA:1100,1
DA:1109,1
DA:1110,1
DA:1115,1
DA:1116,1
DA:1122,1
DA:1123,1
DA:1124,1
DA:1125,1
DA:1126,1
DA:1127,1
DA:1128,1
DA:1130,1
DA:1135,1
DA:1137,1
DA:1140,1
DA:1141,1
DA:1142,1
DA:1145,1
DA:1148,1
DA:1149,1
DA:1151,1
DA:1154,1
DA:1162,1
DA:1163,1
DA:1164,1
DA:1165,1
DA:1166,1
DA:1169,1
DA:1176,1
DA:1177,1
DA:1178,1
DA:1180,1
DA:1181,1
DA:1184,1
DA:1185,1
DA:1186,1
DA:1187,1
DA:1189,1
DA:1190,1
DA:1192,1
DA:1193,1
DA:1198,1
DA:1200,1
DA:1201,1
DA:1203,1
DA:1204,1
DA:1223,1
DA:1233,1
DA:1235,1
DA:1236,1
DA:1238,1
DA:1241,1
DA:1242,1
DA:1243,1
DA:1245,1
DA:1246,1
DA:1248,1
DA:1253,1
DA:1254,1
DA:1257,1
DA:1258,1
DA:1259,1
DA:1265,1
DA:1269,1
DA:1270,1
DA:1271,1
DA:1277,1
DA:1285,1
DA:1286,1
DA:1287,1
DA:1288,1
DA:1291,1
DA:1296,1
DA:1304,1
DA:1306,1
DA:1314,1
DA:1317,1
DA:1323,1
DA:1324,1
DA:1327,1
DA:1335,1
DA:1336,1
DA:1338,1
DA:1341,1
DA:1346,1
DA:1347,1
DA:1352,1
DA:1354,1
DA:1357,1
DA:1358,1
DA:1360,1
DA:1361,1
DA:1367,1
DA:1370,1
DA:1376,1
DA:1377,1
DA:1378,1
DA:1379,1
DA:1380,1
DA:1381,0
DA:1383,1
DA:1387,1
DA:1388,1
DA:1396,1
DA:1400,1
DA:1405,1
DA:1406,1
DA:1407,1
DA:1408,1
DA:1411,1
DA:1414,1
DA:1419,1
DA:1420,1
DA:1425,1
DA:1427,1
DA:1430,1
DA:1438,1
DA:1439,1
DA:1441,1
DA:1445,1
DA:1447,1
DA:1448,1
DA:1455,1
DA:1459,1
DA:1463,1
DA:1470,1
DA:1471,1
DA:1473,1
DA:1488,1
DA:1491,1
DA:1496,1
DA:1500,1
DA:1502,1
DA:1507,1
DA:1512,1
DA:1516,1
DA:1519,1
DA:1524,1
DA:1525,1
DA:1530,1
DA:1531,1
DA:1533,1
DA:1536,1
DA:1565,1
DA:1579,1
DA:1588,1
DA:1589,1
DA:1590,1
DA:1591,1
DA:1594,1
DA:1599,1
DA:1604,1
DA:1605,1
DA:1607,1
DA:1608,1
DA:1611,1
DA:1618,1
DA:1619,1
DA:1620,1
DA:1622,1
DA:1625,1
DA:1655,1
DA:1664,1
DA:1665,1
DA:1667,1
DA:1670,1
DA:1671,1
DA:1672,1
DA:1676,1
DA:1681,1
DA:1682,1
DA:1684,1
DA:1686,1
DA:1689,1
DA:1690,1
DA:1691,1
DA:1692,1
DA:1695,1
DA:1696,1
DA:1697,1
DA:1698,1
DA:1699,1
DA:1700,1
DA:1702,1
DA:1705,1
DA:1719,1
DA:1720,1
DA:1721,1
DA:1728,1
DA:1729,1
DA:1736,1
DA:1738,1
DA:1739,1
DA:1746,1
DA:1747,1
DA:1748,1
DA:1750,1
DA:1753,1
DA:1754,1
DA:1756,1
DA:1759,1
DA:1762,1
DA:1763,1
DA:1764,1
DA:1767,1
DA:1768,1
DA:1770,1
DA:1773,1
DA:1780,1
DA:1781,1
DA:1782,1
DA:1783,1
DA:1784,1
DA:1785,1
DA:1786,1
DA:1787,1
DA:1798,1
DA:1799,1
DA:1801,1
DA:1802,1
DA:1803,1
DA:1807,1
DA:1808,1
DA:1809,1
DA:1810,1
DA:1811,1
DA:1812,1
DA:1813,1
DA:1814,1
DA:1816,1
DA:1817,1
DA:1819,1
DA:1822,1
DA:1825,1
DA:1859,1
DA:1860,1
DA:1861,1
DA:1863,1
DA:1864,1
DA:1867,1
DA:1868,1
DA:1870,1
DA:1871,1
DA:1872,1
DA:1873,1
DA:1876,1
DA:1887,1
DA:1888,1
DA:1889,1
DA:1890,1
DA:1892,1
DA:1893,1
DA:1900,1
DA:1901,1
DA:1903,1
DA:1904,1
DA:1905,1
DA:1907,1
DA:1908,1
DA:1911,1
DA:1921,1
DA:1923,1
DA:1925,0
DA:1930,1
DA:1931,1
DA:1932,1
DA:1933,1
DA:1944,1
DA:1945,1
DA:1946,1
DA:1949,1
DA:1950,1
DA:1951,1
DA:1957,1
DA:1960,1
DA:1974,1
DA:1975,1
DA:1976,1
DA:1980,1
DA:1981,1
DA:1982,1
DA:1984,1
DA:1985,1
DA:1986,1
DA:1988,1
DA:1996,1
DA:1997,1
DA:1998,1
DA:1999,1
DA:2002,1
DA:2006,1
DA:2019,1
DA:2020,1
DA:2021,1
DA:2022,1
DA:2024,1
DA:2025,1
DA:2026,1
DA:2027,1
DA:2028,1
DA:2029,1
DA:2031,1
DA:2045,1
DA:2055,1
DA:2058,1
DA:2067,1
DA:2068,1
DA:2069,1
DA:2070,1
DA:2076,1
DA:2077,1
DA:2078,1
DA:2081,1
DA:2094,1
DA:2098,1
DA:2099,1
DA:2102,1
DA:2106,1
DA:2111,1
DA:2113,1
DA:2114,1
DA:2116,1
DA:2120,1
DA:2121,1
DA:2123,1
DA:2124,1
DA:2126,1
DA:2127,1
DA:2128,1
DA:2132,1
DA:2133,1
DA:2137,1
DA:2140,1
DA:2143,1
DA:2145,1
DA:2147,1
DA:2153,1
DA:2154,1
DA:2161,1
DA:2162,1
DA:2163,1
DA:2165,1
DA:2168,1
DA:2184,1
DA:2185,1
DA:2186,1
DA:2188,1
DA:2190,1
DA:2191,1
DA:2192,1
DA:2194,1
DA:2195,1
DA:2200,1
DA:2213,1
DA:2216,1
DA:2217,1
DA:2220,1
DA:2221,1
DA:2226,1
DA:2227,1
DA:2229,1
DA:2234,1
DA:2237,1
DA:2241,1
DA:2242,1
DA:2243,1
DA:2244,1
DA:2245,1
DA:2252,1
DA:2267,1
DA:2278,1
DA:2281,1
DA:2282,1
DA:2283,1
DA:2287,1
DA:2293,1
DA:2297,1
DA:2304,1
DA:2310,1
DA:2311,1
DA:2321,1
DA:2324,1
DA:2325,1
DA:2337,1
DA:2341,1
DA:2342,1
DA:2343,1
DA:2344,1
DA:2345,1
DA:2346,1
DA:2355,1
DA:2356,1
DA:2365,1
DA:2366,1
DA:2374,1
DA:2379,1
DA:2381,1
DA:2393,1
DA:2394,1
DA:2396,1
LF:772
LH:769
FN:46,71,has_untemplated_newline
FNDA:1,has_untemplated_newline
FN:96,97,_IndentPoint.closing_indent_balance
FNDA:1,_IndentPoint.closing_indent_balance
FN:112,123,_IndentLine.__repr__
FNDA:1,_IndentLine.__repr__
FN:126,133,_IndentLine.from_points
FNDA:1,_IndentLine.from_points
FN:135,144,_IndentLine.iter_elements
FNDA:1,_IndentLine.iter_elements
FN:146,149,_IndentLine.iter_blocks
FNDA:1,_IndentLine.iter_blocks
FN:151,153,_IndentLine.iter_block_segments
FNDA:1,_IndentLine.iter_block_segments
FN:155,160,_IndentLine.is_all_comments
FNDA:1,_IndentLine.is_all_comments
FN:162,164,_IndentLine.is_all_templates
FNDA:1,_IndentLine.is_all_templates
FN:166,217,_IndentLine.desired_indent_units
FNDA:1,_IndentLine.desired_indent_units
FN:219,221,_IndentLine.closing_balance
FNDA:1,_IndentLine.closing_balance
FN:223,234,_IndentLine.opening_balance
FNDA:1,_IndentLine.opening_balance
FN:237,616,_revise_templated_lines
FNDA:1,_revise_templated_lines
FN:619,699,_revise_skipped_source_lines
FNDA:1,_revise_skipped_source_lines
FN:702,743,_revise_comment_lines
FNDA:1,_revise_comment_lines
FN:746,755,construct_single_indent
FNDA:1,construct_single_indent
FN:758,795,_prune_untaken_indents
FNDA:1,_prune_untaken_indents
FN:798,813,_update_crawl_balances
FNDA:1,_update_crawl_balances
FN:816,995,_crawl_indent_points
FNDA:1,_crawl_indent_points
FN:998,1151,_map_line_buffers
FNDA:1,_map_line_buffers
FN:1154,1220,_deduce_line_current_indent
FNDA:1,_deduce_line_current_indent
FN:1223,1324,_lint_line_starting_indent
FNDA:1,_lint_line_starting_indent
FN:1327,1427,_lint_line_untaken_positive_indents
FNDA:1,_lint_line_untaken_positive_indents
FN:1430,1533,_lint_line_untaken_negative_indents
FNDA:1,_lint_line_untaken_negative_indents
FN:1536,1622,_lint_line_buffer_indents
FNDA:1,_lint_line_buffer_indents
FN:1625,1702,lint_indent_points
FNDA:1,lint_indent_points
FN:1705,1770,_source_char_len
FNDA:1,_source_char_len
FN:1773,1819,_rebreak_priorities
FNDA:1,_rebreak_priorities
FN:1825,1873,_increment_balance
FNDA:1,_increment_balance
FN:1876,1957,_match_indents
FNDA:1,_match_indents
FN:1960,2055,_fix_long_line_with_comment
FNDA:1,_fix_long_line_with_comment
FN:2058,2078,_fix_long_line_with_fractional_targets
FNDA:1,_fix_long_line_with_fractional_targets
FN:2081,2165,_fix_long_line_with_integer_targets
FNDA:1,_fix_long_line_with_integer_targets
FN:2168,2396,lint_line_length
FNDA:1,lint_line_length
FNF:34
FNH:34
end_of_record
SF:src/sqlfluff/utils/reflow/respace.py
DA:3,1
DA:4,1
DA:5,1
DA:7,1
DA:8,1
DA:14,1
DA:15,1
DA:24,1
DA:27,1
DA:43,1
DA:44,1
DA:46,1
DA:48,1
DA:49,1
DA:50,1
DA:51,1
DA:55,1
DA:58,1
DA:65,1
DA:68,1
DA:73,1
DA:74,1
DA:75,1
DA:80,1
DA:82,1
DA:83,1
DA:84,1
DA:88,1
DA:89,1
DA:93,1
DA:95,1
DA:96,1
DA:97,1
DA:98,1
DA:99,1
DA:100,1
DA:101,1
DA:102,1
DA:103,1
DA:111,1
DA:114,1
DA:118,1
DA:119,1
DA:120,1
DA:123,1
DA:125,1
DA:126,1
DA:130,1
DA:131,1
DA:132,1
DA:133,1
DA:134,1
DA:137,1
DA:138,1
DA:139,1
DA:140,1
DA:146,1
DA:150,1
DA:151,1
DA:152,1
DA:153,1
DA:154,1
DA:165,1
DA:167,1
DA:168,1
DA:173,1
DA:174,1
DA:175,1
DA:185,1
DA:193,1
DA:205,1
DA:209,1
DA:210,1
DA:213,1
DA:214,1
DA:215,1
DA:216,1
DA:218,1
DA:219,1
DA:220,1
DA:223,1
DA:224,1
DA:225,1
DA:227,1
DA:230,1
DA:232,1
DA:239,1
DA:240,1
DA:244,1
DA:245,1
DA:246,1
DA:247,1
DA:248,1
DA:251,1
DA:252,1
DA:256,1
DA:267,1
DA:277,1
DA:278,1
DA:279,1
DA:283,1
DA:286,1
DA:287,1
DA:288,1
DA:289,1
DA:292,1
DA:298,1
DA:299,1
DA:305,1
DA:306,1
DA:307,1
DA:308,1
DA:310,1
DA:313,1
DA:318,1
DA:321,1
DA:333,1
DA:334,1
DA:335,1
DA:336,1
DA:337,1
DA:338,1
DA:339,1
DA:345,1
DA:348,1
DA:369,1
DA:372,1
DA:375,1
DA:378,1
DA:381,1
DA:382,1
DA:383,1
DA:392,1
DA:402,1
DA:406,1
DA:407,1
DA:412,1
DA:413,1
DA:414,1
DA:415,1
DA:429,1
DA:430,1
DA:440,1
DA:447,1
DA:448,1
DA:457,1
DA:459,1
DA:461,1
DA:462,1
DA:463,1
DA:476,1
DA:478,1
DA:485,1
DA:506,1
DA:510,1
DA:512,1
DA:513,1
DA:519,1
DA:520,1
DA:530,1
DA:531,1
DA:536,1
DA:543,1
DA:544,1
DA:545,1
DA:546,1
DA:547,1
DA:548,1
DA:549,1
DA:550,1
DA:552,1
DA:553,1
DA:560,1
DA:561,1
DA:566,1
DA:567,1
DA:568,1
DA:571,1
DA:576,1
DA:577,1
DA:578,1
DA:579,1
DA:582,1
DA:583,1
DA:584,1
DA:585,1
DA:588,1
DA:591,1
DA:592,1
DA:593,1
DA:602,1
DA:603,1
DA:618,1
DA:619,1
DA:633,1
LF:195
LH:195
FN:27,55,_unpack_constraint
FNDA:1,_unpack_constraint
FN:58,111,determine_constraints
FNDA:1,determine_constraints
FN:114,190,process_spacing
FNDA:1,process_spacing
FN:193,318,_determine_aligned_inline_spacing
FNDA:1,_determine_aligned_inline_spacing
FN:321,345,_extract_alignment_config
FNDA:1,_extract_alignment_config
FN:348,482,handle_respace__inline_with_space
FNDA:1,handle_respace__inline_with_space
FN:485,633,handle_respace__inline_without_space
FNDA:1,handle_respace__inline_without_space
FNF:7
FNH:7
end_of_record
SF:src/sqlfluff/utils/reflow/sequence.py
DA:3,1
DA:4,1
DA:5,1
DA:7,1
DA:8,1
DA:9,1
DA:10,1
DA:11,1
DA:12,1
DA:18,1
DA:19,1
DA:20,1
DA:29,1
DA:32,1
DA:62,1
DA:71,1
DA:73,1
DA:74,1
DA:75,1
DA:76,1
DA:84,1
DA:86,1
DA:94,1
DA:96,1
DA:98,1
DA:100,1
DA:102,1
DA:104,1
DA:105,1
DA:107,1
DA:109,1
DA:111,1
DA:112,1
DA:113,1
DA:115,1
DA:119,1
DA:122,1
DA:129,1
DA:130,1
DA:138,1
DA:139,1
DA:140,1
DA:145,1
DA:150,1
DA:151,1
DA:152,1
DA:155,1
DA:157,1
DA:165,1
DA:171,1
DA:173,1
DA:174,1
DA:191,1
DA:192,1
DA:193,1
DA:194,1
DA:207,1
DA:208,1
DA:219,1
DA:227,1
DA:228,1
DA:262,1
DA:264,1
DA:265,1
DA:266,1
DA:267,1
DA:268,1
DA:269,1
DA:271,1
DA:272,1
DA:273,1
DA:274,1
DA:275,1
DA:276,1
DA:277,1
DA:278,1
DA:280,1
DA:281,1
DA:282,1
DA:290,1
DA:292,1
DA:293,1
DA:294,1
DA:295,1
DA:300,1
DA:306,1
DA:307,1
DA:311,1
DA:315,1
DA:319,1
DA:330,1
DA:339,1
DA:340,1
DA:354,1
DA:355,1
DA:360,1
DA:364,1
DA:365,1
DA:397,1
DA:405,1
DA:406,1
DA:408,1
DA:412,1
DA:413,1
DA:417,1
DA:421,1
DA:429,1
DA:432,1
DA:433,1
DA:435,1
DA:448,1
DA:451,1
DA:453,1
DA:454,1
DA:455,1
DA:456,1
DA:457,1
DA:458,1
DA:459,1
DA:460,1
DA:462,1
DA:485,1
DA:491,1
DA:492,1
DA:493,1
DA:496,1
DA:504,1
DA:515,1
DA:518,1
DA:521,1
DA:523,1
DA:524,1
DA:525,1
DA:526,1
DA:527,1
DA:528,1
DA:536,1
DA:551,1
DA:557,1
DA:558,1
DA:559,1
DA:560,1
DA:568,1
DA:576,1
DA:578,1
DA:583,1
DA:588,1
DA:589,1
DA:597,1
DA:605,1
DA:610,1
DA:616,1
DA:621,1
DA:622,1
DA:631,1
LF:155
LH:155
FN:62,84,ReflowSequence.__init__
FNDA:1,ReflowSequence.__init__
FN:86,94,ReflowSequence.get_fixes
FNDA:1,ReflowSequence.get_fixes
FN:96,98,ReflowSequence.get_results
FNDA:1,ReflowSequence.get_results
FN:100,102,ReflowSequence.get_raw
FNDA:1,ReflowSequence.get_raw
FN:105,127,ReflowSequence._validate_reflow_sequence
FNDA:1,ReflowSequence._validate_reflow_sequence
FN:130,171,ReflowSequence._elements_from_raw_segments
FNDA:1,ReflowSequence._elements_from_raw_segments
FN:174,205,ReflowSequence.from_raw_segments
FNDA:1,ReflowSequence.from_raw_segments
FN:208,225,ReflowSequence.from_root
FNDA:1,ReflowSequence.from_root
FN:228,290,ReflowSequence.from_around_target
FNDA:1,ReflowSequence.from_around_target
FN:292,298,ReflowSequence._find_element_idx_with
FNDA:1,ReflowSequence._find_element_idx_with
FN:300,328,ReflowSequence.without
FNDA:1,ReflowSequence.without
FN:330,395,ReflowSequence.insert
FNDA:1,ReflowSequence.insert
FN:397,446,ReflowSequence.replace
FNDA:1,ReflowSequence.replace
FN:448,460,ReflowSequence._iter_points_with_constraints
FNDA:1,ReflowSequence._iter_points_with_constraints
FN:462,534,ReflowSequence.respace
FNDA:1,ReflowSequence.respace
FN:536,574,ReflowSequence.rebreak
FNDA:1,ReflowSequence.rebreak
FN:576,603,ReflowSequence.reindent
FNDA:1,ReflowSequence.reindent
FN:605,637,ReflowSequence.break_long_lines
FNDA:1,ReflowSequence.break_long_lines
FNF:18
FNH:18
end_of_record
SF:src/sqlfluff/utils/testing/__init__.py
end_of_record
SF:src/sqlfluff/utils/testing/cli.py
DA:3,1
DA:4,1
DA:6,1
DA:9,1
DA:19,1
DA:20,1
DA:21,1
DA:22,1
DA:27,1
DA:29,1
DA:30,1
DA:32,1
DA:33,1
DA:35,1
DA:39,1
DA:40,1
DA:42,1
DA:43,1
LF:18
LH:18
FN:9,43,invoke_assert_code
FNDA:1,invoke_assert_code
FNF:1
FNH:1
end_of_record
SF:src/sqlfluff/utils/testing/logging.py
DA:17,1
DA:18,1
DA:19,1
DA:21,1
DA:24,1
DA:33,1
DA:34,1
DA:36,1
DA:39,1
DA:40,1
DA:50,1
DA:53,1
DA:54,1
DA:55,1
DA:56,1
DA:57,1
DA:58,1
DA:59,1
DA:61,1
DA:62,1
LF:20
LH:20
FN:34,36,FluffLogHandler.text
FNDA:1,FluffLogHandler.text
FN:40,62,fluff_log_catcher
FNDA:1,fluff_log_catcher
FNF:2
FNH:2
end_of_record
SF:src/sqlfluff/utils/testing/rules.py
DA:3,1
DA:4,1
DA:15,1
DA:16,1
DA:18,1
DA:19,1
DA:20,1
DA:26,1
DA:27,1
DA:29,1
DA:30,1
DA:33,1
DA:36,1
DA:37,1
DA:38,1
DA:39,1
DA:40,1
DA:41,1
DA:42,1
DA:43,1
DA:44,1
DA:45,1
DA:47,1
DA:54,1
DA:57,1
DA:66,1
DA:67,1
DA:69,1
DA:70,1
DA:71,1
DA:73,1
DA:75,1
DA:76,1
DA:77,1
DA:78,1
DA:79,1
DA:80,1
DA:81,1
DA:82,1
DA:84,1
DA:87,1
DA:89,1
DA:92,1
DA:95,1
DA:99,1
DA:100,1
DA:101,1
DA:102,1
DA:103,1
DA:106,1
DA:130,1
DA:132,1
DA:134,1
DA:135,1
DA:136,1
DA:137,1
DA:138,1
DA:139,1
DA:141,1
DA:144,1
DA:145,1
DA:146,1
DA:149,1
DA:150,1
DA:151,1
DA:152,1
DA:156,1
DA:157,1
DA:164,1
DA:168,1
DA:169,1
DA:170,1
DA:175,1
DA:178,1
DA:186,1
DA:187,1
DA:188,1
DA:191,1
DA:192,1
DA:193,1
DA:194,1
DA:195,1
DA:196,1
DA:198,1
DA:199,1
DA:205,1
DA:206,1
DA:207,1
DA:208,1
DA:209,1
DA:210,1
DA:212,1
DA:214,1
DA:217,1
DA:229,1
DA:230,1
DA:234,1
DA:237,1
DA:241,1
DA:242,1
DA:243,1
DA:244,1
DA:247,1
DA:251,1
DA:252,1
DA:253,1
DA:256,1
DA:257,1
DA:267,1
DA:269,1
DA:270,1
DA:273,1
DA:277,1
DA:283,1
DA:284,1
DA:285,1
DA:297,1
DA:302,1
DA:303,1
DA:305,1
DA:306,1
DA:311,1
DA:312,1
DA:318,1
DA:319,1
DA:321,1
DA:322,1
DA:323,1
DA:324,1
DA:326,1
DA:336,1
LF:131
LH:131
FN:47,54,RuleTestCase.evaluate
FNDA:1,RuleTestCase.evaluate
FN:57,84,load_test_cases
FNDA:1,load_test_cases
FN:87,92,get_rule_from_set
FNDA:1,get_rule_from_set
FN:95,103,_setup_config
FNDA:1,_setup_config
FN:106,175,assert_rule_fail_in_sql
FNDA:1,assert_rule_fail_in_sql
FN:178,214,assert_rule_pass_in_sql
FNDA:1,assert_rule_pass_in_sql
FN:217,234,assert_rule_raises_violations_in_file
FNDA:1,assert_rule_raises_violations_in_file
FN:237,244,prep_violations
FNDA:1,prep_violations
FN:247,264,assert_violations_before_fix
FNDA:1,assert_violations_before_fix
FN:267,294,assert_violations_after_fix
FNDA:1,assert_violations_after_fix
FN:297,339,rules__test_helper
FNDA:1,rules__test_helper
FNF:11
FNH:11
end_of_record